[2019-08-05 10:14:32] production.ERROR: No application encryption key has been specified. {"exception":"[object] (RuntimeException(code: 0): No application encryption key has been specified. at C:\\wamp64\\www\\lec-batch-sif\\vendor\\laravel\\framework\\src\\Illuminate\\Encryption\\EncryptionServiceProvider.php:42)
[stacktrace]
#0 C:\\wamp64\\www\\lec-batch-sif\\vendor\\laravel\\framework\\src\\Illuminate\\Support\\helpers.php(1038): Illuminate\\Encryption\\EncryptionServiceProvider->Illuminate\\Encryption\\{closure}(NULL)
#1 C:\\wamp64\\www\\lec-batch-sif\\vendor\\laravel\\framework\\src\\Illuminate\\Encryption\\EncryptionServiceProvider.php(46): tap(NULL, Object(Closure))
#2 C:\\wamp64\\www\\lec-batch-sif\\vendor\\laravel\\framework\\src\\Illuminate\\Encryption\\EncryptionServiceProvider.php(24): Illuminate\\Encryption\\EncryptionServiceProvider->key(Array)
#3 C:\\wamp64\\www\\lec-batch-sif\\vendor\\laravel\\framework\\src\\Illuminate\\Container\\Container.php(749): Illuminate\\Encryption\\EncryptionServiceProvider->Illuminate\\Encryption\\{closure}(Object(Illuminate\\Foundation\\Application), Array)
#4 C:\\wamp64\\www\\lec-batch-sif\\vendor\\laravel\\framework\\src\\Illuminate\\Container\\Container.php(631): Illuminate\\Container\\Container->build(Object(Closure))
#5 C:\\wamp64\\www\\lec-batch-sif\\vendor\\laravel\\framework\\src\\Illuminate\\Container\\Container.php(586): Illuminate\\Container\\Container->resolve('encrypter', Array)
#6 C:\\wamp64\\www\\lec-batch-sif\\vendor\\laravel\\framework\\src\\Illuminate\\Foundation\\Application.php(732): Illuminate\\Container\\Container->make('encrypter', Array)
#7 C:\\wamp64\\www\\lec-batch-sif\\vendor\\laravel\\framework\\src\\Illuminate\\Container\\Container.php(885): Illuminate\\Foundation\\Application->make('encrypter')
#8 C:\\wamp64\\www\\lec-batch-sif\\vendor\\laravel\\framework\\src\\Illuminate\\Container\\Container.php(813): Illuminate\\Container\\Container->resolveClass(Object(ReflectionParameter))
#9 C:\\wamp64\\www\\lec-batch-sif\\vendor\\laravel\\framework\\src\\Illuminate\\Container\\Container.php(780): Illuminate\\Container\\Container->resolveDependencies(Array)
#10 C:\\wamp64\\www\\lec-batch-sif\\vendor\\laravel\\framework\\src\\Illuminate\\Container\\Container.php(631): Illuminate\\Container\\Container->build('App\\\\Http\\\\Middle...')
#11 C:\\wamp64\\www\\lec-batch-sif\\vendor\\laravel\\framework\\src\\Illuminate\\Container\\Container.php(586): Illuminate\\Container\\Container->resolve('App\\\\Http\\\\Middle...', Array)
#12 C:\\wamp64\\www\\lec-batch-sif\\vendor\\laravel\\framework\\src\\Illuminate\\Foundation\\Application.php(732): Illuminate\\Container\\Container->make('App\\\\Http\\\\Middle...', Array)
#13 C:\\wamp64\\www\\lec-batch-sif\\vendor\\laravel\\framework\\src\\Illuminate\\Pipeline\\Pipeline.php(138): Illuminate\\Foundation\\Application->make('App\\\\Http\\\\Middle...')
#14 C:\\wamp64\\www\\lec-batch-sif\\vendor\\laravel\\framework\\src\\Illuminate\\Routing\\Pipeline.php(53): Illuminate\\Pipeline\\Pipeline->Illuminate\\Pipeline\\{closure}(Object(Illuminate\\Http\\Request))
#15 C:\\wamp64\\www\\lec-batch-sif\\vendor\\laravel\\framework\\src\\Illuminate\\Pipeline\\Pipeline.php(102): Illuminate\\Routing\\Pipeline->Illuminate\\Routing\\{closure}(Object(Illuminate\\Http\\Request))
#16 C:\\wamp64\\www\\lec-batch-sif\\vendor\\laravel\\framework\\src\\Illuminate\\Routing\\Router.php(660): Illuminate\\Pipeline\\Pipeline->then(Object(Closure))
#17 C:\\wamp64\\www\\lec-batch-sif\\vendor\\laravel\\framework\\src\\Illuminate\\Routing\\Router.php(635): Illuminate\\Routing\\Router->runRouteWithinStack(Object(Illuminate\\Routing\\Route), Object(Illuminate\\Http\\Request))
#18 C:\\wamp64\\www\\lec-batch-sif\\vendor\\laravel\\framework\\src\\Illuminate\\Routing\\Router.php(601): Illuminate\\Routing\\Router->runRoute(Object(Illuminate\\Http\\Request), Object(Illuminate\\Routing\\Route))
#19 C:\\wamp64\\www\\lec-batch-sif\\vendor\\laravel\\framework\\src\\Illuminate\\Routing\\Router.php(590): Illuminate\\Routing\\Router->dispatchToRoute(Object(Illuminate\\Http\\Request))
#20 C:\\wamp64\\www\\lec-batch-sif\\vendor\\laravel\\framework\\src\\Illuminate\\Foundation\\Http\\Kernel.php(176): Illuminate\\Routing\\Router->dispatch(Object(Illuminate\\Http\\Request))
#21 C:\\wamp64\\www\\lec-batch-sif\\vendor\\laravel\\framework\\src\\Illuminate\\Routing\\Pipeline.php(30): Illuminate\\Foundation\\Http\\Kernel->Illuminate\\Foundation\\Http\\{closure}(Object(Illuminate\\Http\\Request))
#22 C:\\wamp64\\www\\lec-batch-sif\\vendor\\fideloper\\proxy\\src\\TrustProxies.php(56): Illuminate\\Routing\\Pipeline->Illuminate\\Routing\\{closure}(Object(Illuminate\\Http\\Request))
#23 C:\\wamp64\\www\\lec-batch-sif\\vendor\\laravel\\framework\\src\\Illuminate\\Pipeline\\Pipeline.php(149): Fideloper\\Proxy\\TrustProxies->handle(Object(Illuminate\\Http\\Request), Object(Closure))
#24 C:\\wamp64\\www\\lec-batch-sif\\vendor\\laravel\\framework\\src\\Illuminate\\Routing\\Pipeline.php(53): Illuminate\\Pipeline\\Pipeline->Illuminate\\Pipeline\\{closure}(Object(Illuminate\\Http\\Request))
#25 C:\\wamp64\\www\\lec-batch-sif\\vendor\\laravel\\framework\\src\\Illuminate\\Foundation\\Http\\Middleware\\TransformsRequest.php(30): Illuminate\\Routing\\Pipeline->Illuminate\\Routing\\{closure}(Object(Illuminate\\Http\\Request))
#26 C:\\wamp64\\www\\lec-batch-sif\\vendor\\laravel\\framework\\src\\Illuminate\\Pipeline\\Pipeline.php(149): Illuminate\\Foundation\\Http\\Middleware\\TransformsRequest->handle(Object(Illuminate\\Http\\Request), Object(Closure))
#27 C:\\wamp64\\www\\lec-batch-sif\\vendor\\laravel\\framework\\src\\Illuminate\\Routing\\Pipeline.php(53): Illuminate\\Pipeline\\Pipeline->Illuminate\\Pipeline\\{closure}(Object(Illuminate\\Http\\Request))
#28 C:\\wamp64\\www\\lec-batch-sif\\vendor\\laravel\\framework\\src\\Illuminate\\Foundation\\Http\\Middleware\\TransformsRequest.php(30): Illuminate\\Routing\\Pipeline->Illuminate\\Routing\\{closure}(Object(Illuminate\\Http\\Request))
#29 C:\\wamp64\\www\\lec-batch-sif\\vendor\\laravel\\framework\\src\\Illuminate\\Pipeline\\Pipeline.php(149): Illuminate\\Foundation\\Http\\Middleware\\TransformsRequest->handle(Object(Illuminate\\Http\\Request), Object(Closure))
#30 C:\\wamp64\\www\\lec-batch-sif\\vendor\\laravel\\framework\\src\\Illuminate\\Routing\\Pipeline.php(53): Illuminate\\Pipeline\\Pipeline->Illuminate\\Pipeline\\{closure}(Object(Illuminate\\Http\\Request))
#31 C:\\wamp64\\www\\lec-batch-sif\\vendor\\laravel\\framework\\src\\Illuminate\\Foundation\\Http\\Middleware\\ValidatePostSize.php(27): Illuminate\\Routing\\Pipeline->Illuminate\\Routing\\{closure}(Object(Illuminate\\Http\\Request))
#32 C:\\wamp64\\www\\lec-batch-sif\\vendor\\laravel\\framework\\src\\Illuminate\\Pipeline\\Pipeline.php(149): Illuminate\\Foundation\\Http\\Middleware\\ValidatePostSize->handle(Object(Illuminate\\Http\\Request), Object(Closure))
#33 C:\\wamp64\\www\\lec-batch-sif\\vendor\\laravel\\framework\\src\\Illuminate\\Routing\\Pipeline.php(53): Illuminate\\Pipeline\\Pipeline->Illuminate\\Pipeline\\{closure}(Object(Illuminate\\Http\\Request))
#34 C:\\wamp64\\www\\lec-batch-sif\\vendor\\laravel\\framework\\src\\Illuminate\\Foundation\\Http\\Middleware\\CheckForMaintenanceMode.php(46): Illuminate\\Routing\\Pipeline->Illuminate\\Routing\\{closure}(Object(Illuminate\\Http\\Request))
#35 C:\\wamp64\\www\\lec-batch-sif\\vendor\\laravel\\framework\\src\\Illuminate\\Pipeline\\Pipeline.php(149): Illuminate\\Foundation\\Http\\Middleware\\CheckForMaintenanceMode->handle(Object(Illuminate\\Http\\Request), Object(Closure))
#36 C:\\wamp64\\www\\lec-batch-sif\\vendor\\laravel\\framework\\src\\Illuminate\\Routing\\Pipeline.php(53): Illuminate\\Pipeline\\Pipeline->Illuminate\\Pipeline\\{closure}(Object(Illuminate\\Http\\Request))
#37 C:\\wamp64\\www\\lec-batch-sif\\vendor\\laravel\\framework\\src\\Illuminate\\Pipeline\\Pipeline.php(102): Illuminate\\Routing\\Pipeline->Illuminate\\Routing\\{closure}(Object(Illuminate\\Http\\Request))
#38 C:\\wamp64\\www\\lec-batch-sif\\vendor\\laravel\\framework\\src\\Illuminate\\Foundation\\Http\\Kernel.php(151): Illuminate\\Pipeline\\Pipeline->then(Object(Closure))
#39 C:\\wamp64\\www\\lec-batch-sif\\vendor\\laravel\\framework\\src\\Illuminate\\Foundation\\Http\\Kernel.php(116): Illuminate\\Foundation\\Http\\Kernel->sendRequestThroughRouter(Object(Illuminate\\Http\\Request))
#40 C:\\wamp64\\www\\lec-batch-sif\\public\\index.php(55): Illuminate\\Foundation\\Http\\Kernel->handle(Object(Illuminate\\Http\\Request))
#41 {main}
"} 
[2019-08-05 10:14:32] production.ERROR: No application encryption key has been specified. {"exception":"[object] (RuntimeException(code: 0): No application encryption key has been specified. at C:\\wamp64\\www\\lec-batch-sif\\vendor\\laravel\\framework\\src\\Illuminate\\Encryption\\EncryptionServiceProvider.php:42)
[stacktrace]
#0 C:\\wamp64\\www\\lec-batch-sif\\vendor\\laravel\\framework\\src\\Illuminate\\Support\\helpers.php(1038): Illuminate\\Encryption\\EncryptionServiceProvider->Illuminate\\Encryption\\{closure}(NULL)
#1 C:\\wamp64\\www\\lec-batch-sif\\vendor\\laravel\\framework\\src\\Illuminate\\Encryption\\EncryptionServiceProvider.php(46): tap(NULL, Object(Closure))
#2 C:\\wamp64\\www\\lec-batch-sif\\vendor\\laravel\\framework\\src\\Illuminate\\Encryption\\EncryptionServiceProvider.php(24): Illuminate\\Encryption\\EncryptionServiceProvider->key(Array)
#3 C:\\wamp64\\www\\lec-batch-sif\\vendor\\laravel\\framework\\src\\Illuminate\\Container\\Container.php(749): Illuminate\\Encryption\\EncryptionServiceProvider->Illuminate\\Encryption\\{closure}(Object(Illuminate\\Foundation\\Application), Array)
#4 C:\\wamp64\\www\\lec-batch-sif\\vendor\\laravel\\framework\\src\\Illuminate\\Container\\Container.php(631): Illuminate\\Container\\Container->build(Object(Closure))
#5 C:\\wamp64\\www\\lec-batch-sif\\vendor\\laravel\\framework\\src\\Illuminate\\Container\\Container.php(586): Illuminate\\Container\\Container->resolve('encrypter', Array)
#6 C:\\wamp64\\www\\lec-batch-sif\\vendor\\laravel\\framework\\src\\Illuminate\\Foundation\\Application.php(732): Illuminate\\Container\\Container->make('encrypter', Array)
#7 C:\\wamp64\\www\\lec-batch-sif\\vendor\\laravel\\framework\\src\\Illuminate\\Container\\Container.php(885): Illuminate\\Foundation\\Application->make('encrypter')
#8 C:\\wamp64\\www\\lec-batch-sif\\vendor\\laravel\\framework\\src\\Illuminate\\Container\\Container.php(813): Illuminate\\Container\\Container->resolveClass(Object(ReflectionParameter))
#9 C:\\wamp64\\www\\lec-batch-sif\\vendor\\laravel\\framework\\src\\Illuminate\\Container\\Container.php(780): Illuminate\\Container\\Container->resolveDependencies(Array)
#10 C:\\wamp64\\www\\lec-batch-sif\\vendor\\laravel\\framework\\src\\Illuminate\\Container\\Container.php(631): Illuminate\\Container\\Container->build('App\\\\Http\\\\Middle...')
#11 C:\\wamp64\\www\\lec-batch-sif\\vendor\\laravel\\framework\\src\\Illuminate\\Container\\Container.php(586): Illuminate\\Container\\Container->resolve('App\\\\Http\\\\Middle...', Array)
#12 C:\\wamp64\\www\\lec-batch-sif\\vendor\\laravel\\framework\\src\\Illuminate\\Foundation\\Application.php(732): Illuminate\\Container\\Container->make('App\\\\Http\\\\Middle...', Array)
#13 C:\\wamp64\\www\\lec-batch-sif\\vendor\\laravel\\framework\\src\\Illuminate\\Foundation\\Http\\Kernel.php(215): Illuminate\\Foundation\\Application->make('App\\\\Http\\\\Middle...')
#14 C:\\wamp64\\www\\lec-batch-sif\\vendor\\laravel\\framework\\src\\Illuminate\\Foundation\\Http\\Kernel.php(189): Illuminate\\Foundation\\Http\\Kernel->terminateMiddleware(Object(Illuminate\\Http\\Request), Object(Illuminate\\Http\\Response))
#15 C:\\wamp64\\www\\lec-batch-sif\\public\\index.php(60): Illuminate\\Foundation\\Http\\Kernel->terminate(Object(Illuminate\\Http\\Request), Object(Illuminate\\Http\\Response))
#16 {main}
"} 
[2019-08-05 10:14:41] production.ERROR: No application encryption key has been specified. {"exception":"[object] (RuntimeException(code: 0): No application encryption key has been specified. at C:\\wamp64\\www\\lec-batch-sif\\vendor\\laravel\\framework\\src\\Illuminate\\Encryption\\EncryptionServiceProvider.php:42)
[stacktrace]
#0 C:\\wamp64\\www\\lec-batch-sif\\vendor\\laravel\\framework\\src\\Illuminate\\Support\\helpers.php(1038): Illuminate\\Encryption\\EncryptionServiceProvider->Illuminate\\Encryption\\{closure}(NULL)
#1 C:\\wamp64\\www\\lec-batch-sif\\vendor\\laravel\\framework\\src\\Illuminate\\Encryption\\EncryptionServiceProvider.php(46): tap(NULL, Object(Closure))
#2 C:\\wamp64\\www\\lec-batch-sif\\vendor\\laravel\\framework\\src\\Illuminate\\Encryption\\EncryptionServiceProvider.php(24): Illuminate\\Encryption\\EncryptionServiceProvider->key(Array)
#3 C:\\wamp64\\www\\lec-batch-sif\\vendor\\laravel\\framework\\src\\Illuminate\\Container\\Container.php(749): Illuminate\\Encryption\\EncryptionServiceProvider->Illuminate\\Encryption\\{closure}(Object(Illuminate\\Foundation\\Application), Array)
#4 C:\\wamp64\\www\\lec-batch-sif\\vendor\\laravel\\framework\\src\\Illuminate\\Container\\Container.php(631): Illuminate\\Container\\Container->build(Object(Closure))
#5 C:\\wamp64\\www\\lec-batch-sif\\vendor\\laravel\\framework\\src\\Illuminate\\Container\\Container.php(586): Illuminate\\Container\\Container->resolve('encrypter', Array)
#6 C:\\wamp64\\www\\lec-batch-sif\\vendor\\laravel\\framework\\src\\Illuminate\\Foundation\\Application.php(732): Illuminate\\Container\\Container->make('encrypter', Array)
#7 C:\\wamp64\\www\\lec-batch-sif\\vendor\\laravel\\framework\\src\\Illuminate\\Container\\Container.php(885): Illuminate\\Foundation\\Application->make('encrypter')
#8 C:\\wamp64\\www\\lec-batch-sif\\vendor\\laravel\\framework\\src\\Illuminate\\Container\\Container.php(813): Illuminate\\Container\\Container->resolveClass(Object(ReflectionParameter))
#9 C:\\wamp64\\www\\lec-batch-sif\\vendor\\laravel\\framework\\src\\Illuminate\\Container\\Container.php(780): Illuminate\\Container\\Container->resolveDependencies(Array)
#10 C:\\wamp64\\www\\lec-batch-sif\\vendor\\laravel\\framework\\src\\Illuminate\\Container\\Container.php(631): Illuminate\\Container\\Container->build('App\\\\Http\\\\Middle...')
#11 C:\\wamp64\\www\\lec-batch-sif\\vendor\\laravel\\framework\\src\\Illuminate\\Container\\Container.php(586): Illuminate\\Container\\Container->resolve('App\\\\Http\\\\Middle...', Array)
#12 C:\\wamp64\\www\\lec-batch-sif\\vendor\\laravel\\framework\\src\\Illuminate\\Foundation\\Application.php(732): Illuminate\\Container\\Container->make('App\\\\Http\\\\Middle...', Array)
#13 C:\\wamp64\\www\\lec-batch-sif\\vendor\\laravel\\framework\\src\\Illuminate\\Pipeline\\Pipeline.php(138): Illuminate\\Foundation\\Application->make('App\\\\Http\\\\Middle...')
#14 C:\\wamp64\\www\\lec-batch-sif\\vendor\\laravel\\framework\\src\\Illuminate\\Routing\\Pipeline.php(53): Illuminate\\Pipeline\\Pipeline->Illuminate\\Pipeline\\{closure}(Object(Illuminate\\Http\\Request))
#15 C:\\wamp64\\www\\lec-batch-sif\\vendor\\laravel\\framework\\src\\Illuminate\\Pipeline\\Pipeline.php(102): Illuminate\\Routing\\Pipeline->Illuminate\\Routing\\{closure}(Object(Illuminate\\Http\\Request))
#16 C:\\wamp64\\www\\lec-batch-sif\\vendor\\laravel\\framework\\src\\Illuminate\\Routing\\Router.php(660): Illuminate\\Pipeline\\Pipeline->then(Object(Closure))
#17 C:\\wamp64\\www\\lec-batch-sif\\vendor\\laravel\\framework\\src\\Illuminate\\Routing\\Router.php(635): Illuminate\\Routing\\Router->runRouteWithinStack(Object(Illuminate\\Routing\\Route), Object(Illuminate\\Http\\Request))
#18 C:\\wamp64\\www\\lec-batch-sif\\vendor\\laravel\\framework\\src\\Illuminate\\Routing\\Router.php(601): Illuminate\\Routing\\Router->runRoute(Object(Illuminate\\Http\\Request), Object(Illuminate\\Routing\\Route))
#19 C:\\wamp64\\www\\lec-batch-sif\\vendor\\laravel\\framework\\src\\Illuminate\\Routing\\Router.php(590): Illuminate\\Routing\\Router->dispatchToRoute(Object(Illuminate\\Http\\Request))
#20 C:\\wamp64\\www\\lec-batch-sif\\vendor\\laravel\\framework\\src\\Illuminate\\Foundation\\Http\\Kernel.php(176): Illuminate\\Routing\\Router->dispatch(Object(Illuminate\\Http\\Request))
#21 C:\\wamp64\\www\\lec-batch-sif\\vendor\\laravel\\framework\\src\\Illuminate\\Routing\\Pipeline.php(30): Illuminate\\Foundation\\Http\\Kernel->Illuminate\\Foundation\\Http\\{closure}(Object(Illuminate\\Http\\Request))
#22 C:\\wamp64\\www\\lec-batch-sif\\vendor\\fideloper\\proxy\\src\\TrustProxies.php(56): Illuminate\\Routing\\Pipeline->Illuminate\\Routing\\{closure}(Object(Illuminate\\Http\\Request))
#23 C:\\wamp64\\www\\lec-batch-sif\\vendor\\laravel\\framework\\src\\Illuminate\\Pipeline\\Pipeline.php(149): Fideloper\\Proxy\\TrustProxies->handle(Object(Illuminate\\Http\\Request), Object(Closure))
#24 C:\\wamp64\\www\\lec-batch-sif\\vendor\\laravel\\framework\\src\\Illuminate\\Routing\\Pipeline.php(53): Illuminate\\Pipeline\\Pipeline->Illuminate\\Pipeline\\{closure}(Object(Illuminate\\Http\\Request))
#25 C:\\wamp64\\www\\lec-batch-sif\\vendor\\laravel\\framework\\src\\Illuminate\\Foundation\\Http\\Middleware\\TransformsRequest.php(30): Illuminate\\Routing\\Pipeline->Illuminate\\Routing\\{closure}(Object(Illuminate\\Http\\Request))
#26 C:\\wamp64\\www\\lec-batch-sif\\vendor\\laravel\\framework\\src\\Illuminate\\Pipeline\\Pipeline.php(149): Illuminate\\Foundation\\Http\\Middleware\\TransformsRequest->handle(Object(Illuminate\\Http\\Request), Object(Closure))
#27 C:\\wamp64\\www\\lec-batch-sif\\vendor\\laravel\\framework\\src\\Illuminate\\Routing\\Pipeline.php(53): Illuminate\\Pipeline\\Pipeline->Illuminate\\Pipeline\\{closure}(Object(Illuminate\\Http\\Request))
#28 C:\\wamp64\\www\\lec-batch-sif\\vendor\\laravel\\framework\\src\\Illuminate\\Foundation\\Http\\Middleware\\TransformsRequest.php(30): Illuminate\\Routing\\Pipeline->Illuminate\\Routing\\{closure}(Object(Illuminate\\Http\\Request))
#29 C:\\wamp64\\www\\lec-batch-sif\\vendor\\laravel\\framework\\src\\Illuminate\\Pipeline\\Pipeline.php(149): Illuminate\\Foundation\\Http\\Middleware\\TransformsRequest->handle(Object(Illuminate\\Http\\Request), Object(Closure))
#30 C:\\wamp64\\www\\lec-batch-sif\\vendor\\laravel\\framework\\src\\Illuminate\\Routing\\Pipeline.php(53): Illuminate\\Pipeline\\Pipeline->Illuminate\\Pipeline\\{closure}(Object(Illuminate\\Http\\Request))
#31 C:\\wamp64\\www\\lec-batch-sif\\vendor\\laravel\\framework\\src\\Illuminate\\Foundation\\Http\\Middleware\\ValidatePostSize.php(27): Illuminate\\Routing\\Pipeline->Illuminate\\Routing\\{closure}(Object(Illuminate\\Http\\Request))
#32 C:\\wamp64\\www\\lec-batch-sif\\vendor\\laravel\\framework\\src\\Illuminate\\Pipeline\\Pipeline.php(149): Illuminate\\Foundation\\Http\\Middleware\\ValidatePostSize->handle(Object(Illuminate\\Http\\Request), Object(Closure))
#33 C:\\wamp64\\www\\lec-batch-sif\\vendor\\laravel\\framework\\src\\Illuminate\\Routing\\Pipeline.php(53): Illuminate\\Pipeline\\Pipeline->Illuminate\\Pipeline\\{closure}(Object(Illuminate\\Http\\Request))
#34 C:\\wamp64\\www\\lec-batch-sif\\vendor\\laravel\\framework\\src\\Illuminate\\Foundation\\Http\\Middleware\\CheckForMaintenanceMode.php(46): Illuminate\\Routing\\Pipeline->Illuminate\\Routing\\{closure}(Object(Illuminate\\Http\\Request))
#35 C:\\wamp64\\www\\lec-batch-sif\\vendor\\laravel\\framework\\src\\Illuminate\\Pipeline\\Pipeline.php(149): Illuminate\\Foundation\\Http\\Middleware\\CheckForMaintenanceMode->handle(Object(Illuminate\\Http\\Request), Object(Closure))
#36 C:\\wamp64\\www\\lec-batch-sif\\vendor\\laravel\\framework\\src\\Illuminate\\Routing\\Pipeline.php(53): Illuminate\\Pipeline\\Pipeline->Illuminate\\Pipeline\\{closure}(Object(Illuminate\\Http\\Request))
#37 C:\\wamp64\\www\\lec-batch-sif\\vendor\\laravel\\framework\\src\\Illuminate\\Pipeline\\Pipeline.php(102): Illuminate\\Routing\\Pipeline->Illuminate\\Routing\\{closure}(Object(Illuminate\\Http\\Request))
#38 C:\\wamp64\\www\\lec-batch-sif\\vendor\\laravel\\framework\\src\\Illuminate\\Foundation\\Http\\Kernel.php(151): Illuminate\\Pipeline\\Pipeline->then(Object(Closure))
#39 C:\\wamp64\\www\\lec-batch-sif\\vendor\\laravel\\framework\\src\\Illuminate\\Foundation\\Http\\Kernel.php(116): Illuminate\\Foundation\\Http\\Kernel->sendRequestThroughRouter(Object(Illuminate\\Http\\Request))
#40 C:\\wamp64\\www\\lec-batch-sif\\public\\index.php(55): Illuminate\\Foundation\\Http\\Kernel->handle(Object(Illuminate\\Http\\Request))
#41 {main}
"} 
[2019-08-05 10:14:41] production.ERROR: No application encryption key has been specified. {"exception":"[object] (RuntimeException(code: 0): No application encryption key has been specified. at C:\\wamp64\\www\\lec-batch-sif\\vendor\\laravel\\framework\\src\\Illuminate\\Encryption\\EncryptionServiceProvider.php:42)
[stacktrace]
#0 C:\\wamp64\\www\\lec-batch-sif\\vendor\\laravel\\framework\\src\\Illuminate\\Support\\helpers.php(1038): Illuminate\\Encryption\\EncryptionServiceProvider->Illuminate\\Encryption\\{closure}(NULL)
#1 C:\\wamp64\\www\\lec-batch-sif\\vendor\\laravel\\framework\\src\\Illuminate\\Encryption\\EncryptionServiceProvider.php(46): tap(NULL, Object(Closure))
#2 C:\\wamp64\\www\\lec-batch-sif\\vendor\\laravel\\framework\\src\\Illuminate\\Encryption\\EncryptionServiceProvider.php(24): Illuminate\\Encryption\\EncryptionServiceProvider->key(Array)
#3 C:\\wamp64\\www\\lec-batch-sif\\vendor\\laravel\\framework\\src\\Illuminate\\Container\\Container.php(749): Illuminate\\Encryption\\EncryptionServiceProvider->Illuminate\\Encryption\\{closure}(Object(Illuminate\\Foundation\\Application), Array)
#4 C:\\wamp64\\www\\lec-batch-sif\\vendor\\laravel\\framework\\src\\Illuminate\\Container\\Container.php(631): Illuminate\\Container\\Container->build(Object(Closure))
#5 C:\\wamp64\\www\\lec-batch-sif\\vendor\\laravel\\framework\\src\\Illuminate\\Container\\Container.php(586): Illuminate\\Container\\Container->resolve('encrypter', Array)
#6 C:\\wamp64\\www\\lec-batch-sif\\vendor\\laravel\\framework\\src\\Illuminate\\Foundation\\Application.php(732): Illuminate\\Container\\Container->make('encrypter', Array)
#7 C:\\wamp64\\www\\lec-batch-sif\\vendor\\laravel\\framework\\src\\Illuminate\\Container\\Container.php(885): Illuminate\\Foundation\\Application->make('encrypter')
#8 C:\\wamp64\\www\\lec-batch-sif\\vendor\\laravel\\framework\\src\\Illuminate\\Container\\Container.php(813): Illuminate\\Container\\Container->resolveClass(Object(ReflectionParameter))
#9 C:\\wamp64\\www\\lec-batch-sif\\vendor\\laravel\\framework\\src\\Illuminate\\Container\\Container.php(780): Illuminate\\Container\\Container->resolveDependencies(Array)
#10 C:\\wamp64\\www\\lec-batch-sif\\vendor\\laravel\\framework\\src\\Illuminate\\Container\\Container.php(631): Illuminate\\Container\\Container->build('App\\\\Http\\\\Middle...')
#11 C:\\wamp64\\www\\lec-batch-sif\\vendor\\laravel\\framework\\src\\Illuminate\\Container\\Container.php(586): Illuminate\\Container\\Container->resolve('App\\\\Http\\\\Middle...', Array)
#12 C:\\wamp64\\www\\lec-batch-sif\\vendor\\laravel\\framework\\src\\Illuminate\\Foundation\\Application.php(732): Illuminate\\Container\\Container->make('App\\\\Http\\\\Middle...', Array)
#13 C:\\wamp64\\www\\lec-batch-sif\\vendor\\laravel\\framework\\src\\Illuminate\\Foundation\\Http\\Kernel.php(215): Illuminate\\Foundation\\Application->make('App\\\\Http\\\\Middle...')
#14 C:\\wamp64\\www\\lec-batch-sif\\vendor\\laravel\\framework\\src\\Illuminate\\Foundation\\Http\\Kernel.php(189): Illuminate\\Foundation\\Http\\Kernel->terminateMiddleware(Object(Illuminate\\Http\\Request), Object(Illuminate\\Http\\Response))
#15 C:\\wamp64\\www\\lec-batch-sif\\public\\index.php(60): Illuminate\\Foundation\\Http\\Kernel->terminate(Object(Illuminate\\Http\\Request), Object(Illuminate\\Http\\Response))
#16 {main}
"} 
[2019-08-05 10:15:16] local.ERROR: No application encryption key has been specified. {"exception":"[object] (RuntimeException(code: 0): No application encryption key has been specified. at C:\\wamp64\\www\\lec-batch-sif\\vendor\\laravel\\framework\\src\\Illuminate\\Encryption\\EncryptionServiceProvider.php:42)
[stacktrace]
#0 C:\\wamp64\\www\\lec-batch-sif\\vendor\\laravel\\framework\\src\\Illuminate\\Support\\helpers.php(1038): Illuminate\\Encryption\\EncryptionServiceProvider->Illuminate\\Encryption\\{closure}('')
#1 C:\\wamp64\\www\\lec-batch-sif\\vendor\\laravel\\framework\\src\\Illuminate\\Encryption\\EncryptionServiceProvider.php(46): tap('', Object(Closure))
#2 C:\\wamp64\\www\\lec-batch-sif\\vendor\\laravel\\framework\\src\\Illuminate\\Encryption\\EncryptionServiceProvider.php(24): Illuminate\\Encryption\\EncryptionServiceProvider->key(Array)
#3 C:\\wamp64\\www\\lec-batch-sif\\vendor\\laravel\\framework\\src\\Illuminate\\Container\\Container.php(749): Illuminate\\Encryption\\EncryptionServiceProvider->Illuminate\\Encryption\\{closure}(Object(Illuminate\\Foundation\\Application), Array)
#4 C:\\wamp64\\www\\lec-batch-sif\\vendor\\laravel\\framework\\src\\Illuminate\\Container\\Container.php(631): Illuminate\\Container\\Container->build(Object(Closure))
#5 C:\\wamp64\\www\\lec-batch-sif\\vendor\\laravel\\framework\\src\\Illuminate\\Container\\Container.php(586): Illuminate\\Container\\Container->resolve('encrypter', Array)
#6 C:\\wamp64\\www\\lec-batch-sif\\vendor\\laravel\\framework\\src\\Illuminate\\Foundation\\Application.php(732): Illuminate\\Container\\Container->make('encrypter', Array)
#7 C:\\wamp64\\www\\lec-batch-sif\\vendor\\laravel\\framework\\src\\Illuminate\\Container\\Container.php(885): Illuminate\\Foundation\\Application->make('encrypter')
#8 C:\\wamp64\\www\\lec-batch-sif\\vendor\\laravel\\framework\\src\\Illuminate\\Container\\Container.php(813): Illuminate\\Container\\Container->resolveClass(Object(ReflectionParameter))
#9 C:\\wamp64\\www\\lec-batch-sif\\vendor\\laravel\\framework\\src\\Illuminate\\Container\\Container.php(780): Illuminate\\Container\\Container->resolveDependencies(Array)
#10 C:\\wamp64\\www\\lec-batch-sif\\vendor\\laravel\\framework\\src\\Illuminate\\Container\\Container.php(631): Illuminate\\Container\\Container->build('App\\\\Http\\\\Middle...')
#11 C:\\wamp64\\www\\lec-batch-sif\\vendor\\laravel\\framework\\src\\Illuminate\\Container\\Container.php(586): Illuminate\\Container\\Container->resolve('App\\\\Http\\\\Middle...', Array)
#12 C:\\wamp64\\www\\lec-batch-sif\\vendor\\laravel\\framework\\src\\Illuminate\\Foundation\\Application.php(732): Illuminate\\Container\\Container->make('App\\\\Http\\\\Middle...', Array)
#13 C:\\wamp64\\www\\lec-batch-sif\\vendor\\laravel\\framework\\src\\Illuminate\\Pipeline\\Pipeline.php(138): Illuminate\\Foundation\\Application->make('App\\\\Http\\\\Middle...')
#14 C:\\wamp64\\www\\lec-batch-sif\\vendor\\laravel\\framework\\src\\Illuminate\\Routing\\Pipeline.php(53): Illuminate\\Pipeline\\Pipeline->Illuminate\\Pipeline\\{closure}(Object(Illuminate\\Http\\Request))
#15 C:\\wamp64\\www\\lec-batch-sif\\vendor\\laravel\\framework\\src\\Illuminate\\Pipeline\\Pipeline.php(102): Illuminate\\Routing\\Pipeline->Illuminate\\Routing\\{closure}(Object(Illuminate\\Http\\Request))
#16 C:\\wamp64\\www\\lec-batch-sif\\vendor\\laravel\\framework\\src\\Illuminate\\Routing\\Router.php(660): Illuminate\\Pipeline\\Pipeline->then(Object(Closure))
#17 C:\\wamp64\\www\\lec-batch-sif\\vendor\\laravel\\framework\\src\\Illuminate\\Routing\\Router.php(635): Illuminate\\Routing\\Router->runRouteWithinStack(Object(Illuminate\\Routing\\Route), Object(Illuminate\\Http\\Request))
#18 C:\\wamp64\\www\\lec-batch-sif\\vendor\\laravel\\framework\\src\\Illuminate\\Routing\\Router.php(601): Illuminate\\Routing\\Router->runRoute(Object(Illuminate\\Http\\Request), Object(Illuminate\\Routing\\Route))
#19 C:\\wamp64\\www\\lec-batch-sif\\vendor\\laravel\\framework\\src\\Illuminate\\Routing\\Router.php(590): Illuminate\\Routing\\Router->dispatchToRoute(Object(Illuminate\\Http\\Request))
#20 C:\\wamp64\\www\\lec-batch-sif\\vendor\\laravel\\framework\\src\\Illuminate\\Foundation\\Http\\Kernel.php(176): Illuminate\\Routing\\Router->dispatch(Object(Illuminate\\Http\\Request))
#21 C:\\wamp64\\www\\lec-batch-sif\\vendor\\laravel\\framework\\src\\Illuminate\\Routing\\Pipeline.php(30): Illuminate\\Foundation\\Http\\Kernel->Illuminate\\Foundation\\Http\\{closure}(Object(Illuminate\\Http\\Request))
#22 C:\\wamp64\\www\\lec-batch-sif\\vendor\\fideloper\\proxy\\src\\TrustProxies.php(56): Illuminate\\Routing\\Pipeline->Illuminate\\Routing\\{closure}(Object(Illuminate\\Http\\Request))
#23 C:\\wamp64\\www\\lec-batch-sif\\vendor\\laravel\\framework\\src\\Illuminate\\Pipeline\\Pipeline.php(149): Fideloper\\Proxy\\TrustProxies->handle(Object(Illuminate\\Http\\Request), Object(Closure))
#24 C:\\wamp64\\www\\lec-batch-sif\\vendor\\laravel\\framework\\src\\Illuminate\\Routing\\Pipeline.php(53): Illuminate\\Pipeline\\Pipeline->Illuminate\\Pipeline\\{closure}(Object(Illuminate\\Http\\Request))
#25 C:\\wamp64\\www\\lec-batch-sif\\vendor\\laravel\\framework\\src\\Illuminate\\Foundation\\Http\\Middleware\\TransformsRequest.php(30): Illuminate\\Routing\\Pipeline->Illuminate\\Routing\\{closure}(Object(Illuminate\\Http\\Request))
#26 C:\\wamp64\\www\\lec-batch-sif\\vendor\\laravel\\framework\\src\\Illuminate\\Pipeline\\Pipeline.php(149): Illuminate\\Foundation\\Http\\Middleware\\TransformsRequest->handle(Object(Illuminate\\Http\\Request), Object(Closure))
#27 C:\\wamp64\\www\\lec-batch-sif\\vendor\\laravel\\framework\\src\\Illuminate\\Routing\\Pipeline.php(53): Illuminate\\Pipeline\\Pipeline->Illuminate\\Pipeline\\{closure}(Object(Illuminate\\Http\\Request))
#28 C:\\wamp64\\www\\lec-batch-sif\\vendor\\laravel\\framework\\src\\Illuminate\\Foundation\\Http\\Middleware\\TransformsRequest.php(30): Illuminate\\Routing\\Pipeline->Illuminate\\Routing\\{closure}(Object(Illuminate\\Http\\Request))
#29 C:\\wamp64\\www\\lec-batch-sif\\vendor\\laravel\\framework\\src\\Illuminate\\Pipeline\\Pipeline.php(149): Illuminate\\Foundation\\Http\\Middleware\\TransformsRequest->handle(Object(Illuminate\\Http\\Request), Object(Closure))
#30 C:\\wamp64\\www\\lec-batch-sif\\vendor\\laravel\\framework\\src\\Illuminate\\Routing\\Pipeline.php(53): Illuminate\\Pipeline\\Pipeline->Illuminate\\Pipeline\\{closure}(Object(Illuminate\\Http\\Request))
#31 C:\\wamp64\\www\\lec-batch-sif\\vendor\\laravel\\framework\\src\\Illuminate\\Foundation\\Http\\Middleware\\ValidatePostSize.php(27): Illuminate\\Routing\\Pipeline->Illuminate\\Routing\\{closure}(Object(Illuminate\\Http\\Request))
#32 C:\\wamp64\\www\\lec-batch-sif\\vendor\\laravel\\framework\\src\\Illuminate\\Pipeline\\Pipeline.php(149): Illuminate\\Foundation\\Http\\Middleware\\ValidatePostSize->handle(Object(Illuminate\\Http\\Request), Object(Closure))
#33 C:\\wamp64\\www\\lec-batch-sif\\vendor\\laravel\\framework\\src\\Illuminate\\Routing\\Pipeline.php(53): Illuminate\\Pipeline\\Pipeline->Illuminate\\Pipeline\\{closure}(Object(Illuminate\\Http\\Request))
#34 C:\\wamp64\\www\\lec-batch-sif\\vendor\\laravel\\framework\\src\\Illuminate\\Foundation\\Http\\Middleware\\CheckForMaintenanceMode.php(46): Illuminate\\Routing\\Pipeline->Illuminate\\Routing\\{closure}(Object(Illuminate\\Http\\Request))
#35 C:\\wamp64\\www\\lec-batch-sif\\vendor\\laravel\\framework\\src\\Illuminate\\Pipeline\\Pipeline.php(149): Illuminate\\Foundation\\Http\\Middleware\\CheckForMaintenanceMode->handle(Object(Illuminate\\Http\\Request), Object(Closure))
#36 C:\\wamp64\\www\\lec-batch-sif\\vendor\\laravel\\framework\\src\\Illuminate\\Routing\\Pipeline.php(53): Illuminate\\Pipeline\\Pipeline->Illuminate\\Pipeline\\{closure}(Object(Illuminate\\Http\\Request))
#37 C:\\wamp64\\www\\lec-batch-sif\\vendor\\laravel\\framework\\src\\Illuminate\\Pipeline\\Pipeline.php(102): Illuminate\\Routing\\Pipeline->Illuminate\\Routing\\{closure}(Object(Illuminate\\Http\\Request))
#38 C:\\wamp64\\www\\lec-batch-sif\\vendor\\laravel\\framework\\src\\Illuminate\\Foundation\\Http\\Kernel.php(151): Illuminate\\Pipeline\\Pipeline->then(Object(Closure))
#39 C:\\wamp64\\www\\lec-batch-sif\\vendor\\laravel\\framework\\src\\Illuminate\\Foundation\\Http\\Kernel.php(116): Illuminate\\Foundation\\Http\\Kernel->sendRequestThroughRouter(Object(Illuminate\\Http\\Request))
#40 C:\\wamp64\\www\\lec-batch-sif\\public\\index.php(55): Illuminate\\Foundation\\Http\\Kernel->handle(Object(Illuminate\\Http\\Request))
#41 {main}
"} 
[2019-08-05 10:15:16] local.ERROR: No application encryption key has been specified. {"exception":"[object] (RuntimeException(code: 0): No application encryption key has been specified. at C:\\wamp64\\www\\lec-batch-sif\\vendor\\laravel\\framework\\src\\Illuminate\\Encryption\\EncryptionServiceProvider.php:42)
[stacktrace]
#0 C:\\wamp64\\www\\lec-batch-sif\\vendor\\laravel\\framework\\src\\Illuminate\\Support\\helpers.php(1038): Illuminate\\Encryption\\EncryptionServiceProvider->Illuminate\\Encryption\\{closure}('')
#1 C:\\wamp64\\www\\lec-batch-sif\\vendor\\laravel\\framework\\src\\Illuminate\\Encryption\\EncryptionServiceProvider.php(46): tap('', Object(Closure))
#2 C:\\wamp64\\www\\lec-batch-sif\\vendor\\laravel\\framework\\src\\Illuminate\\Encryption\\EncryptionServiceProvider.php(24): Illuminate\\Encryption\\EncryptionServiceProvider->key(Array)
#3 C:\\wamp64\\www\\lec-batch-sif\\vendor\\laravel\\framework\\src\\Illuminate\\Container\\Container.php(749): Illuminate\\Encryption\\EncryptionServiceProvider->Illuminate\\Encryption\\{closure}(Object(Illuminate\\Foundation\\Application), Array)
#4 C:\\wamp64\\www\\lec-batch-sif\\vendor\\laravel\\framework\\src\\Illuminate\\Container\\Container.php(631): Illuminate\\Container\\Container->build(Object(Closure))
#5 C:\\wamp64\\www\\lec-batch-sif\\vendor\\laravel\\framework\\src\\Illuminate\\Container\\Container.php(586): Illuminate\\Container\\Container->resolve('encrypter', Array)
#6 C:\\wamp64\\www\\lec-batch-sif\\vendor\\laravel\\framework\\src\\Illuminate\\Foundation\\Application.php(732): Illuminate\\Container\\Container->make('encrypter', Array)
#7 C:\\wamp64\\www\\lec-batch-sif\\vendor\\laravel\\framework\\src\\Illuminate\\Container\\Container.php(885): Illuminate\\Foundation\\Application->make('encrypter')
#8 C:\\wamp64\\www\\lec-batch-sif\\vendor\\laravel\\framework\\src\\Illuminate\\Container\\Container.php(813): Illuminate\\Container\\Container->resolveClass(Object(ReflectionParameter))
#9 C:\\wamp64\\www\\lec-batch-sif\\vendor\\laravel\\framework\\src\\Illuminate\\Container\\Container.php(780): Illuminate\\Container\\Container->resolveDependencies(Array)
#10 C:\\wamp64\\www\\lec-batch-sif\\vendor\\laravel\\framework\\src\\Illuminate\\Container\\Container.php(631): Illuminate\\Container\\Container->build('App\\\\Http\\\\Middle...')
#11 C:\\wamp64\\www\\lec-batch-sif\\vendor\\laravel\\framework\\src\\Illuminate\\Container\\Container.php(586): Illuminate\\Container\\Container->resolve('App\\\\Http\\\\Middle...', Array)
#12 C:\\wamp64\\www\\lec-batch-sif\\vendor\\laravel\\framework\\src\\Illuminate\\Foundation\\Application.php(732): Illuminate\\Container\\Container->make('App\\\\Http\\\\Middle...', Array)
#13 C:\\wamp64\\www\\lec-batch-sif\\vendor\\laravel\\framework\\src\\Illuminate\\Foundation\\Http\\Kernel.php(215): Illuminate\\Foundation\\Application->make('App\\\\Http\\\\Middle...')
#14 C:\\wamp64\\www\\lec-batch-sif\\vendor\\laravel\\framework\\src\\Illuminate\\Foundation\\Http\\Kernel.php(189): Illuminate\\Foundation\\Http\\Kernel->terminateMiddleware(Object(Illuminate\\Http\\Request), Object(Illuminate\\Http\\Response))
#15 C:\\wamp64\\www\\lec-batch-sif\\public\\index.php(60): Illuminate\\Foundation\\Http\\Kernel->terminate(Object(Illuminate\\Http\\Request), Object(Illuminate\\Http\\Response))
#16 {main}
"} 
[2019-08-05 11:08:58] local.ERROR: Illuminate\Support\ServiceProvider::loadRoutesFrom(): Failed opening required 'C:\wamp64\www\lec-batch-sif\packages\sifIntegration\lecBatchSif\src/routes.php' (include_path='.;C:\php\pear') {"exception":"[object] (Symfony\\Component\\Debug\\Exception\\FatalErrorException(code: 64): Illuminate\\Support\\ServiceProvider::loadRoutesFrom(): Failed opening required 'C:\\wamp64\\www\\lec-batch-sif\\packages\\sifIntegration\\lecBatchSif\\src/routes.php' (include_path='.;C:\\php\\pear') at C:\\wamp64\\www\\lec-batch-sif\\vendor\\laravel\\framework\\src\\Illuminate\\Support\\ServiceProvider.php:71)
[stacktrace]
#0 {main}
"} 
[2019-08-05 12:27:04] local.ERROR: Class SifIntegration\LecBatchSif\Controllers\LecBatchSifController does not exist {"exception":"[object] (ReflectionException(code: -1): Class SifIntegration\\LecBatchSif\\Controllers\\LecBatchSifController does not exist at C:\\wamp64\\www\\lec-batch-sif\\vendor\\laravel\\framework\\src\\Illuminate\\Container\\Container.php:752)
[stacktrace]
#0 C:\\wamp64\\www\\lec-batch-sif\\vendor\\laravel\\framework\\src\\Illuminate\\Container\\Container.php(752): ReflectionClass->__construct('SifIntegration\\\\...')
#1 C:\\wamp64\\www\\lec-batch-sif\\vendor\\laravel\\framework\\src\\Illuminate\\Container\\Container.php(631): Illuminate\\Container\\Container->build('SifIntegration\\\\...')
#2 C:\\wamp64\\www\\lec-batch-sif\\vendor\\laravel\\framework\\src\\Illuminate\\Container\\Container.php(586): Illuminate\\Container\\Container->resolve('SifIntegration\\\\...', Array)
#3 C:\\wamp64\\www\\lec-batch-sif\\vendor\\laravel\\framework\\src\\Illuminate\\Foundation\\Application.php(732): Illuminate\\Container\\Container->make('SifIntegration\\\\...', Array)
#4 C:\\wamp64\\www\\lec-batch-sif\\packages\\sifIntegration\\lecBatchSif\\src\\LecBatchSifServiceProvider.php(26): Illuminate\\Foundation\\Application->make('SifIntegration\\\\...')
#5 C:\\wamp64\\www\\lec-batch-sif\\vendor\\laravel\\framework\\src\\Illuminate\\Foundation\\Application.php(586): SifIntegration\\LecBatchSif\\LecBatchSifServiceProvider->register()
#6 C:\\wamp64\\www\\lec-batch-sif\\vendor\\laravel\\framework\\src\\Illuminate\\Foundation\\ProviderRepository.php(75): Illuminate\\Foundation\\Application->register(Object(SifIntegration\\LecBatchSif\\LecBatchSifServiceProvider))
#7 C:\\wamp64\\www\\lec-batch-sif\\vendor\\laravel\\framework\\src\\Illuminate\\Foundation\\Application.php(561): Illuminate\\Foundation\\ProviderRepository->load(Array)
#8 C:\\wamp64\\www\\lec-batch-sif\\vendor\\laravel\\framework\\src\\Illuminate\\Foundation\\Bootstrap\\RegisterProviders.php(17): Illuminate\\Foundation\\Application->registerConfiguredProviders()
#9 C:\\wamp64\\www\\lec-batch-sif\\vendor\\laravel\\framework\\src\\Illuminate\\Foundation\\Application.php(213): Illuminate\\Foundation\\Bootstrap\\RegisterProviders->bootstrap(Object(Illuminate\\Foundation\\Application))
#10 C:\\wamp64\\www\\lec-batch-sif\\vendor\\laravel\\framework\\src\\Illuminate\\Foundation\\Http\\Kernel.php(162): Illuminate\\Foundation\\Application->bootstrapWith(Array)
#11 C:\\wamp64\\www\\lec-batch-sif\\vendor\\laravel\\framework\\src\\Illuminate\\Foundation\\Http\\Kernel.php(146): Illuminate\\Foundation\\Http\\Kernel->bootstrap()
#12 C:\\wamp64\\www\\lec-batch-sif\\vendor\\laravel\\framework\\src\\Illuminate\\Foundation\\Http\\Kernel.php(116): Illuminate\\Foundation\\Http\\Kernel->sendRequestThroughRouter(Object(Illuminate\\Http\\Request))
#13 C:\\wamp64\\www\\lec-batch-sif\\public\\index.php(55): Illuminate\\Foundation\\Http\\Kernel->handle(Object(Illuminate\\Http\\Request))
#14 {main}
"} 
[2019-08-05 12:27:30] local.ERROR: Class SifIntegration\LecBatchSif\Controllers\LecBatchSifController does not exist {"exception":"[object] (ReflectionException(code: -1): Class SifIntegration\\LecBatchSif\\Controllers\\LecBatchSifController does not exist at C:\\wamp64\\www\\lec-batch-sif\\vendor\\laravel\\framework\\src\\Illuminate\\Container\\Container.php:752)
[stacktrace]
#0 C:\\wamp64\\www\\lec-batch-sif\\vendor\\laravel\\framework\\src\\Illuminate\\Container\\Container.php(752): ReflectionClass->__construct('SifIntegration\\\\...')
#1 C:\\wamp64\\www\\lec-batch-sif\\vendor\\laravel\\framework\\src\\Illuminate\\Container\\Container.php(631): Illuminate\\Container\\Container->build('SifIntegration\\\\...')
#2 C:\\wamp64\\www\\lec-batch-sif\\vendor\\laravel\\framework\\src\\Illuminate\\Container\\Container.php(586): Illuminate\\Container\\Container->resolve('SifIntegration\\\\...', Array)
#3 C:\\wamp64\\www\\lec-batch-sif\\vendor\\laravel\\framework\\src\\Illuminate\\Foundation\\Application.php(732): Illuminate\\Container\\Container->make('SifIntegration\\\\...', Array)
#4 C:\\wamp64\\www\\lec-batch-sif\\packages\\sifIntegration\\lecBatchSif\\src\\LecBatchSifServiceProvider.php(26): Illuminate\\Foundation\\Application->make('SifIntegration\\\\...')
#5 C:\\wamp64\\www\\lec-batch-sif\\vendor\\laravel\\framework\\src\\Illuminate\\Foundation\\Application.php(586): SifIntegration\\LecBatchSif\\LecBatchSifServiceProvider->register()
#6 C:\\wamp64\\www\\lec-batch-sif\\vendor\\laravel\\framework\\src\\Illuminate\\Foundation\\ProviderRepository.php(75): Illuminate\\Foundation\\Application->register(Object(SifIntegration\\LecBatchSif\\LecBatchSifServiceProvider))
#7 C:\\wamp64\\www\\lec-batch-sif\\vendor\\laravel\\framework\\src\\Illuminate\\Foundation\\Application.php(561): Illuminate\\Foundation\\ProviderRepository->load(Array)
#8 C:\\wamp64\\www\\lec-batch-sif\\vendor\\laravel\\framework\\src\\Illuminate\\Foundation\\Bootstrap\\RegisterProviders.php(17): Illuminate\\Foundation\\Application->registerConfiguredProviders()
#9 C:\\wamp64\\www\\lec-batch-sif\\vendor\\laravel\\framework\\src\\Illuminate\\Foundation\\Application.php(213): Illuminate\\Foundation\\Bootstrap\\RegisterProviders->bootstrap(Object(Illuminate\\Foundation\\Application))
#10 C:\\wamp64\\www\\lec-batch-sif\\vendor\\laravel\\framework\\src\\Illuminate\\Foundation\\Http\\Kernel.php(162): Illuminate\\Foundation\\Application->bootstrapWith(Array)
#11 C:\\wamp64\\www\\lec-batch-sif\\vendor\\laravel\\framework\\src\\Illuminate\\Foundation\\Http\\Kernel.php(146): Illuminate\\Foundation\\Http\\Kernel->bootstrap()
#12 C:\\wamp64\\www\\lec-batch-sif\\vendor\\laravel\\framework\\src\\Illuminate\\Foundation\\Http\\Kernel.php(116): Illuminate\\Foundation\\Http\\Kernel->sendRequestThroughRouter(Object(Illuminate\\Http\\Request))
#13 C:\\wamp64\\www\\lec-batch-sif\\public\\index.php(55): Illuminate\\Foundation\\Http\\Kernel->handle(Object(Illuminate\\Http\\Request))
#14 {main}
"} 
[2019-08-05 12:29:12] local.ERROR: Class SifIntegration\LecBatchSif\Controllers\LecBatchSifController does not exist {"exception":"[object] (ReflectionException(code: -1): Class SifIntegration\\LecBatchSif\\Controllers\\LecBatchSifController does not exist at C:\\wamp64\\www\\lec-batch-sif\\vendor\\laravel\\framework\\src\\Illuminate\\Container\\Container.php:752)
[stacktrace]
#0 C:\\wamp64\\www\\lec-batch-sif\\vendor\\laravel\\framework\\src\\Illuminate\\Container\\Container.php(752): ReflectionClass->__construct('SifIntegration\\\\...')
#1 C:\\wamp64\\www\\lec-batch-sif\\vendor\\laravel\\framework\\src\\Illuminate\\Container\\Container.php(631): Illuminate\\Container\\Container->build('SifIntegration\\\\...')
#2 C:\\wamp64\\www\\lec-batch-sif\\vendor\\laravel\\framework\\src\\Illuminate\\Container\\Container.php(586): Illuminate\\Container\\Container->resolve('SifIntegration\\\\...', Array)
#3 C:\\wamp64\\www\\lec-batch-sif\\vendor\\laravel\\framework\\src\\Illuminate\\Foundation\\Application.php(732): Illuminate\\Container\\Container->make('SifIntegration\\\\...', Array)
#4 C:\\wamp64\\www\\lec-batch-sif\\packages\\sifIntegration\\lecBatchSif\\src\\LecBatchSifServiceProvider.php(26): Illuminate\\Foundation\\Application->make('SifIntegration\\\\...')
#5 C:\\wamp64\\www\\lec-batch-sif\\vendor\\laravel\\framework\\src\\Illuminate\\Foundation\\Application.php(586): SifIntegration\\LecBatchSif\\LecBatchSifServiceProvider->register()
#6 C:\\wamp64\\www\\lec-batch-sif\\vendor\\laravel\\framework\\src\\Illuminate\\Foundation\\ProviderRepository.php(75): Illuminate\\Foundation\\Application->register(Object(SifIntegration\\LecBatchSif\\LecBatchSifServiceProvider))
#7 C:\\wamp64\\www\\lec-batch-sif\\vendor\\laravel\\framework\\src\\Illuminate\\Foundation\\Application.php(561): Illuminate\\Foundation\\ProviderRepository->load(Array)
#8 C:\\wamp64\\www\\lec-batch-sif\\vendor\\laravel\\framework\\src\\Illuminate\\Foundation\\Bootstrap\\RegisterProviders.php(17): Illuminate\\Foundation\\Application->registerConfiguredProviders()
#9 C:\\wamp64\\www\\lec-batch-sif\\vendor\\laravel\\framework\\src\\Illuminate\\Foundation\\Application.php(213): Illuminate\\Foundation\\Bootstrap\\RegisterProviders->bootstrap(Object(Illuminate\\Foundation\\Application))
#10 C:\\wamp64\\www\\lec-batch-sif\\vendor\\laravel\\framework\\src\\Illuminate\\Foundation\\Http\\Kernel.php(162): Illuminate\\Foundation\\Application->bootstrapWith(Array)
#11 C:\\wamp64\\www\\lec-batch-sif\\vendor\\laravel\\framework\\src\\Illuminate\\Foundation\\Http\\Kernel.php(146): Illuminate\\Foundation\\Http\\Kernel->bootstrap()
#12 C:\\wamp64\\www\\lec-batch-sif\\vendor\\laravel\\framework\\src\\Illuminate\\Foundation\\Http\\Kernel.php(116): Illuminate\\Foundation\\Http\\Kernel->sendRequestThroughRouter(Object(Illuminate\\Http\\Request))
#13 C:\\wamp64\\www\\lec-batch-sif\\public\\index.php(55): Illuminate\\Foundation\\Http\\Kernel->handle(Object(Illuminate\\Http\\Request))
#14 {main}
"} 
[2019-08-05 12:29:47] local.ERROR: Class SifIntegration\LecBatchSif\Controllers\LecBatchSifController does not exist {"exception":"[object] (ReflectionException(code: -1): Class SifIntegration\\LecBatchSif\\Controllers\\LecBatchSifController does not exist at C:\\wamp64\\www\\lec-batch-sif\\vendor\\laravel\\framework\\src\\Illuminate\\Container\\Container.php:752)
[stacktrace]
#0 C:\\wamp64\\www\\lec-batch-sif\\vendor\\laravel\\framework\\src\\Illuminate\\Container\\Container.php(752): ReflectionClass->__construct('SifIntegration\\\\...')
#1 C:\\wamp64\\www\\lec-batch-sif\\vendor\\laravel\\framework\\src\\Illuminate\\Container\\Container.php(631): Illuminate\\Container\\Container->build('SifIntegration\\\\...')
#2 C:\\wamp64\\www\\lec-batch-sif\\vendor\\laravel\\framework\\src\\Illuminate\\Container\\Container.php(586): Illuminate\\Container\\Container->resolve('SifIntegration\\\\...', Array)
#3 C:\\wamp64\\www\\lec-batch-sif\\vendor\\laravel\\framework\\src\\Illuminate\\Foundation\\Application.php(732): Illuminate\\Container\\Container->make('SifIntegration\\\\...', Array)
#4 C:\\wamp64\\www\\lec-batch-sif\\packages\\sifIntegration\\lecBatchSif\\src\\LecBatchSifServiceProvider.php(26): Illuminate\\Foundation\\Application->make('SifIntegration\\\\...')
#5 C:\\wamp64\\www\\lec-batch-sif\\vendor\\laravel\\framework\\src\\Illuminate\\Foundation\\Application.php(586): SifIntegration\\LecBatchSif\\LecBatchSifServiceProvider->register()
#6 C:\\wamp64\\www\\lec-batch-sif\\vendor\\laravel\\framework\\src\\Illuminate\\Foundation\\ProviderRepository.php(75): Illuminate\\Foundation\\Application->register(Object(SifIntegration\\LecBatchSif\\LecBatchSifServiceProvider))
#7 C:\\wamp64\\www\\lec-batch-sif\\vendor\\laravel\\framework\\src\\Illuminate\\Foundation\\Application.php(561): Illuminate\\Foundation\\ProviderRepository->load(Array)
#8 C:\\wamp64\\www\\lec-batch-sif\\vendor\\laravel\\framework\\src\\Illuminate\\Foundation\\Bootstrap\\RegisterProviders.php(17): Illuminate\\Foundation\\Application->registerConfiguredProviders()
#9 C:\\wamp64\\www\\lec-batch-sif\\vendor\\laravel\\framework\\src\\Illuminate\\Foundation\\Application.php(213): Illuminate\\Foundation\\Bootstrap\\RegisterProviders->bootstrap(Object(Illuminate\\Foundation\\Application))
#10 C:\\wamp64\\www\\lec-batch-sif\\vendor\\laravel\\framework\\src\\Illuminate\\Foundation\\Http\\Kernel.php(162): Illuminate\\Foundation\\Application->bootstrapWith(Array)
#11 C:\\wamp64\\www\\lec-batch-sif\\vendor\\laravel\\framework\\src\\Illuminate\\Foundation\\Http\\Kernel.php(146): Illuminate\\Foundation\\Http\\Kernel->bootstrap()
#12 C:\\wamp64\\www\\lec-batch-sif\\vendor\\laravel\\framework\\src\\Illuminate\\Foundation\\Http\\Kernel.php(116): Illuminate\\Foundation\\Http\\Kernel->sendRequestThroughRouter(Object(Illuminate\\Http\\Request))
#13 C:\\wamp64\\www\\lec-batch-sif\\public\\index.php(55): Illuminate\\Foundation\\Http\\Kernel->handle(Object(Illuminate\\Http\\Request))
#14 {main}
"} 
[2019-08-05 12:30:24] local.ERROR: Class SifIntegration\LecBatchSif\Controllers\LecBatchSifController does not exist {"exception":"[object] (ReflectionException(code: -1): Class SifIntegration\\LecBatchSif\\Controllers\\LecBatchSifController does not exist at C:\\wamp64\\www\\lec-batch-sif\\vendor\\laravel\\framework\\src\\Illuminate\\Container\\Container.php:752)
[stacktrace]
#0 C:\\wamp64\\www\\lec-batch-sif\\vendor\\laravel\\framework\\src\\Illuminate\\Container\\Container.php(752): ReflectionClass->__construct('SifIntegration\\\\...')
#1 C:\\wamp64\\www\\lec-batch-sif\\vendor\\laravel\\framework\\src\\Illuminate\\Container\\Container.php(631): Illuminate\\Container\\Container->build('SifIntegration\\\\...')
#2 C:\\wamp64\\www\\lec-batch-sif\\vendor\\laravel\\framework\\src\\Illuminate\\Container\\Container.php(586): Illuminate\\Container\\Container->resolve('SifIntegration\\\\...', Array)
#3 C:\\wamp64\\www\\lec-batch-sif\\vendor\\laravel\\framework\\src\\Illuminate\\Foundation\\Application.php(732): Illuminate\\Container\\Container->make('SifIntegration\\\\...', Array)
#4 C:\\wamp64\\www\\lec-batch-sif\\packages\\sifIntegration\\lecBatchSif\\src\\LecBatchSifServiceProvider.php(26): Illuminate\\Foundation\\Application->make('SifIntegration\\\\...')
#5 C:\\wamp64\\www\\lec-batch-sif\\vendor\\laravel\\framework\\src\\Illuminate\\Foundation\\Application.php(586): SifIntegration\\LecBatchSif\\LecBatchSifServiceProvider->register()
#6 C:\\wamp64\\www\\lec-batch-sif\\vendor\\laravel\\framework\\src\\Illuminate\\Foundation\\ProviderRepository.php(75): Illuminate\\Foundation\\Application->register(Object(SifIntegration\\LecBatchSif\\LecBatchSifServiceProvider))
#7 C:\\wamp64\\www\\lec-batch-sif\\vendor\\laravel\\framework\\src\\Illuminate\\Foundation\\Application.php(561): Illuminate\\Foundation\\ProviderRepository->load(Array)
#8 C:\\wamp64\\www\\lec-batch-sif\\vendor\\laravel\\framework\\src\\Illuminate\\Foundation\\Bootstrap\\RegisterProviders.php(17): Illuminate\\Foundation\\Application->registerConfiguredProviders()
#9 C:\\wamp64\\www\\lec-batch-sif\\vendor\\laravel\\framework\\src\\Illuminate\\Foundation\\Application.php(213): Illuminate\\Foundation\\Bootstrap\\RegisterProviders->bootstrap(Object(Illuminate\\Foundation\\Application))
#10 C:\\wamp64\\www\\lec-batch-sif\\vendor\\laravel\\framework\\src\\Illuminate\\Foundation\\Http\\Kernel.php(162): Illuminate\\Foundation\\Application->bootstrapWith(Array)
#11 C:\\wamp64\\www\\lec-batch-sif\\vendor\\laravel\\framework\\src\\Illuminate\\Foundation\\Http\\Kernel.php(146): Illuminate\\Foundation\\Http\\Kernel->bootstrap()
#12 C:\\wamp64\\www\\lec-batch-sif\\vendor\\laravel\\framework\\src\\Illuminate\\Foundation\\Http\\Kernel.php(116): Illuminate\\Foundation\\Http\\Kernel->sendRequestThroughRouter(Object(Illuminate\\Http\\Request))
#13 C:\\wamp64\\www\\lec-batch-sif\\public\\index.php(55): Illuminate\\Foundation\\Http\\Kernel->handle(Object(Illuminate\\Http\\Request))
#14 {main}
"} 
[2019-08-05 12:30:24] local.ERROR: Class SifIntegration\LecBatchSif\Controllers\LecBatchSifController does not exist {"exception":"[object] (ReflectionException(code: -1): Class SifIntegration\\LecBatchSif\\Controllers\\LecBatchSifController does not exist at C:\\wamp64\\www\\lec-batch-sif\\vendor\\laravel\\framework\\src\\Illuminate\\Container\\Container.php:752)
[stacktrace]
#0 C:\\wamp64\\www\\lec-batch-sif\\vendor\\laravel\\framework\\src\\Illuminate\\Container\\Container.php(752): ReflectionClass->__construct('SifIntegration\\\\...')
#1 C:\\wamp64\\www\\lec-batch-sif\\vendor\\laravel\\framework\\src\\Illuminate\\Container\\Container.php(631): Illuminate\\Container\\Container->build('SifIntegration\\\\...')
#2 C:\\wamp64\\www\\lec-batch-sif\\vendor\\laravel\\framework\\src\\Illuminate\\Container\\Container.php(586): Illuminate\\Container\\Container->resolve('SifIntegration\\\\...', Array)
#3 C:\\wamp64\\www\\lec-batch-sif\\vendor\\laravel\\framework\\src\\Illuminate\\Foundation\\Application.php(732): Illuminate\\Container\\Container->make('SifIntegration\\\\...', Array)
#4 C:\\wamp64\\www\\lec-batch-sif\\packages\\sifIntegration\\lecBatchSif\\src\\LecBatchSifServiceProvider.php(26): Illuminate\\Foundation\\Application->make('SifIntegration\\\\...')
#5 C:\\wamp64\\www\\lec-batch-sif\\vendor\\laravel\\framework\\src\\Illuminate\\Foundation\\Application.php(586): SifIntegration\\LecBatchSif\\LecBatchSifServiceProvider->register()
#6 C:\\wamp64\\www\\lec-batch-sif\\vendor\\laravel\\framework\\src\\Illuminate\\Foundation\\ProviderRepository.php(75): Illuminate\\Foundation\\Application->register(Object(SifIntegration\\LecBatchSif\\LecBatchSifServiceProvider))
#7 C:\\wamp64\\www\\lec-batch-sif\\vendor\\laravel\\framework\\src\\Illuminate\\Foundation\\Application.php(561): Illuminate\\Foundation\\ProviderRepository->load(Array)
#8 C:\\wamp64\\www\\lec-batch-sif\\vendor\\laravel\\framework\\src\\Illuminate\\Foundation\\Bootstrap\\RegisterProviders.php(17): Illuminate\\Foundation\\Application->registerConfiguredProviders()
#9 C:\\wamp64\\www\\lec-batch-sif\\vendor\\laravel\\framework\\src\\Illuminate\\Foundation\\Application.php(213): Illuminate\\Foundation\\Bootstrap\\RegisterProviders->bootstrap(Object(Illuminate\\Foundation\\Application))
#10 C:\\wamp64\\www\\lec-batch-sif\\vendor\\laravel\\framework\\src\\Illuminate\\Foundation\\Http\\Kernel.php(162): Illuminate\\Foundation\\Application->bootstrapWith(Array)
#11 C:\\wamp64\\www\\lec-batch-sif\\vendor\\laravel\\framework\\src\\Illuminate\\Foundation\\Http\\Kernel.php(146): Illuminate\\Foundation\\Http\\Kernel->bootstrap()
#12 C:\\wamp64\\www\\lec-batch-sif\\vendor\\laravel\\framework\\src\\Illuminate\\Foundation\\Http\\Kernel.php(116): Illuminate\\Foundation\\Http\\Kernel->sendRequestThroughRouter(Object(Illuminate\\Http\\Request))
#13 C:\\wamp64\\www\\lec-batch-sif\\public\\index.php(55): Illuminate\\Foundation\\Http\\Kernel->handle(Object(Illuminate\\Http\\Request))
#14 {main}
"} 
[2019-08-05 12:30:25] local.ERROR: Class SifIntegration\LecBatchSif\Controllers\LecBatchSifController does not exist {"exception":"[object] (ReflectionException(code: -1): Class SifIntegration\\LecBatchSif\\Controllers\\LecBatchSifController does not exist at C:\\wamp64\\www\\lec-batch-sif\\vendor\\laravel\\framework\\src\\Illuminate\\Container\\Container.php:752)
[stacktrace]
#0 C:\\wamp64\\www\\lec-batch-sif\\vendor\\laravel\\framework\\src\\Illuminate\\Container\\Container.php(752): ReflectionClass->__construct('SifIntegration\\\\...')
#1 C:\\wamp64\\www\\lec-batch-sif\\vendor\\laravel\\framework\\src\\Illuminate\\Container\\Container.php(631): Illuminate\\Container\\Container->build('SifIntegration\\\\...')
#2 C:\\wamp64\\www\\lec-batch-sif\\vendor\\laravel\\framework\\src\\Illuminate\\Container\\Container.php(586): Illuminate\\Container\\Container->resolve('SifIntegration\\\\...', Array)
#3 C:\\wamp64\\www\\lec-batch-sif\\vendor\\laravel\\framework\\src\\Illuminate\\Foundation\\Application.php(732): Illuminate\\Container\\Container->make('SifIntegration\\\\...', Array)
#4 C:\\wamp64\\www\\lec-batch-sif\\packages\\sifIntegration\\lecBatchSif\\src\\LecBatchSifServiceProvider.php(26): Illuminate\\Foundation\\Application->make('SifIntegration\\\\...')
#5 C:\\wamp64\\www\\lec-batch-sif\\vendor\\laravel\\framework\\src\\Illuminate\\Foundation\\Application.php(586): SifIntegration\\LecBatchSif\\LecBatchSifServiceProvider->register()
#6 C:\\wamp64\\www\\lec-batch-sif\\vendor\\laravel\\framework\\src\\Illuminate\\Foundation\\ProviderRepository.php(75): Illuminate\\Foundation\\Application->register(Object(SifIntegration\\LecBatchSif\\LecBatchSifServiceProvider))
#7 C:\\wamp64\\www\\lec-batch-sif\\vendor\\laravel\\framework\\src\\Illuminate\\Foundation\\Application.php(561): Illuminate\\Foundation\\ProviderRepository->load(Array)
#8 C:\\wamp64\\www\\lec-batch-sif\\vendor\\laravel\\framework\\src\\Illuminate\\Foundation\\Bootstrap\\RegisterProviders.php(17): Illuminate\\Foundation\\Application->registerConfiguredProviders()
#9 C:\\wamp64\\www\\lec-batch-sif\\vendor\\laravel\\framework\\src\\Illuminate\\Foundation\\Application.php(213): Illuminate\\Foundation\\Bootstrap\\RegisterProviders->bootstrap(Object(Illuminate\\Foundation\\Application))
#10 C:\\wamp64\\www\\lec-batch-sif\\vendor\\laravel\\framework\\src\\Illuminate\\Foundation\\Http\\Kernel.php(162): Illuminate\\Foundation\\Application->bootstrapWith(Array)
#11 C:\\wamp64\\www\\lec-batch-sif\\vendor\\laravel\\framework\\src\\Illuminate\\Foundation\\Http\\Kernel.php(146): Illuminate\\Foundation\\Http\\Kernel->bootstrap()
#12 C:\\wamp64\\www\\lec-batch-sif\\vendor\\laravel\\framework\\src\\Illuminate\\Foundation\\Http\\Kernel.php(116): Illuminate\\Foundation\\Http\\Kernel->sendRequestThroughRouter(Object(Illuminate\\Http\\Request))
#13 C:\\wamp64\\www\\lec-batch-sif\\public\\index.php(55): Illuminate\\Foundation\\Http\\Kernel->handle(Object(Illuminate\\Http\\Request))
#14 {main}
"} 
[2019-08-05 12:30:25] local.ERROR: Class SifIntegration\LecBatchSif\Controllers\LecBatchSifController does not exist {"exception":"[object] (ReflectionException(code: -1): Class SifIntegration\\LecBatchSif\\Controllers\\LecBatchSifController does not exist at C:\\wamp64\\www\\lec-batch-sif\\vendor\\laravel\\framework\\src\\Illuminate\\Container\\Container.php:752)
[stacktrace]
#0 C:\\wamp64\\www\\lec-batch-sif\\vendor\\laravel\\framework\\src\\Illuminate\\Container\\Container.php(752): ReflectionClass->__construct('SifIntegration\\\\...')
#1 C:\\wamp64\\www\\lec-batch-sif\\vendor\\laravel\\framework\\src\\Illuminate\\Container\\Container.php(631): Illuminate\\Container\\Container->build('SifIntegration\\\\...')
#2 C:\\wamp64\\www\\lec-batch-sif\\vendor\\laravel\\framework\\src\\Illuminate\\Container\\Container.php(586): Illuminate\\Container\\Container->resolve('SifIntegration\\\\...', Array)
#3 C:\\wamp64\\www\\lec-batch-sif\\vendor\\laravel\\framework\\src\\Illuminate\\Foundation\\Application.php(732): Illuminate\\Container\\Container->make('SifIntegration\\\\...', Array)
#4 C:\\wamp64\\www\\lec-batch-sif\\packages\\sifIntegration\\lecBatchSif\\src\\LecBatchSifServiceProvider.php(26): Illuminate\\Foundation\\Application->make('SifIntegration\\\\...')
#5 C:\\wamp64\\www\\lec-batch-sif\\vendor\\laravel\\framework\\src\\Illuminate\\Foundation\\Application.php(586): SifIntegration\\LecBatchSif\\LecBatchSifServiceProvider->register()
#6 C:\\wamp64\\www\\lec-batch-sif\\vendor\\laravel\\framework\\src\\Illuminate\\Foundation\\ProviderRepository.php(75): Illuminate\\Foundation\\Application->register(Object(SifIntegration\\LecBatchSif\\LecBatchSifServiceProvider))
#7 C:\\wamp64\\www\\lec-batch-sif\\vendor\\laravel\\framework\\src\\Illuminate\\Foundation\\Application.php(561): Illuminate\\Foundation\\ProviderRepository->load(Array)
#8 C:\\wamp64\\www\\lec-batch-sif\\vendor\\laravel\\framework\\src\\Illuminate\\Foundation\\Bootstrap\\RegisterProviders.php(17): Illuminate\\Foundation\\Application->registerConfiguredProviders()
#9 C:\\wamp64\\www\\lec-batch-sif\\vendor\\laravel\\framework\\src\\Illuminate\\Foundation\\Application.php(213): Illuminate\\Foundation\\Bootstrap\\RegisterProviders->bootstrap(Object(Illuminate\\Foundation\\Application))
#10 C:\\wamp64\\www\\lec-batch-sif\\vendor\\laravel\\framework\\src\\Illuminate\\Foundation\\Http\\Kernel.php(162): Illuminate\\Foundation\\Application->bootstrapWith(Array)
#11 C:\\wamp64\\www\\lec-batch-sif\\vendor\\laravel\\framework\\src\\Illuminate\\Foundation\\Http\\Kernel.php(146): Illuminate\\Foundation\\Http\\Kernel->bootstrap()
#12 C:\\wamp64\\www\\lec-batch-sif\\vendor\\laravel\\framework\\src\\Illuminate\\Foundation\\Http\\Kernel.php(116): Illuminate\\Foundation\\Http\\Kernel->sendRequestThroughRouter(Object(Illuminate\\Http\\Request))
#13 C:\\wamp64\\www\\lec-batch-sif\\public\\index.php(55): Illuminate\\Foundation\\Http\\Kernel->handle(Object(Illuminate\\Http\\Request))
#14 {main}
"} 
[2019-08-05 12:30:25] local.ERROR: Class SifIntegration\LecBatchSif\Controllers\LecBatchSifController does not exist {"exception":"[object] (ReflectionException(code: -1): Class SifIntegration\\LecBatchSif\\Controllers\\LecBatchSifController does not exist at C:\\wamp64\\www\\lec-batch-sif\\vendor\\laravel\\framework\\src\\Illuminate\\Container\\Container.php:752)
[stacktrace]
#0 C:\\wamp64\\www\\lec-batch-sif\\vendor\\laravel\\framework\\src\\Illuminate\\Container\\Container.php(752): ReflectionClass->__construct('SifIntegration\\\\...')
#1 C:\\wamp64\\www\\lec-batch-sif\\vendor\\laravel\\framework\\src\\Illuminate\\Container\\Container.php(631): Illuminate\\Container\\Container->build('SifIntegration\\\\...')
#2 C:\\wamp64\\www\\lec-batch-sif\\vendor\\laravel\\framework\\src\\Illuminate\\Container\\Container.php(586): Illuminate\\Container\\Container->resolve('SifIntegration\\\\...', Array)
#3 C:\\wamp64\\www\\lec-batch-sif\\vendor\\laravel\\framework\\src\\Illuminate\\Foundation\\Application.php(732): Illuminate\\Container\\Container->make('SifIntegration\\\\...', Array)
#4 C:\\wamp64\\www\\lec-batch-sif\\packages\\sifIntegration\\lecBatchSif\\src\\LecBatchSifServiceProvider.php(26): Illuminate\\Foundation\\Application->make('SifIntegration\\\\...')
#5 C:\\wamp64\\www\\lec-batch-sif\\vendor\\laravel\\framework\\src\\Illuminate\\Foundation\\Application.php(586): SifIntegration\\LecBatchSif\\LecBatchSifServiceProvider->register()
#6 C:\\wamp64\\www\\lec-batch-sif\\vendor\\laravel\\framework\\src\\Illuminate\\Foundation\\ProviderRepository.php(75): Illuminate\\Foundation\\Application->register(Object(SifIntegration\\LecBatchSif\\LecBatchSifServiceProvider))
#7 C:\\wamp64\\www\\lec-batch-sif\\vendor\\laravel\\framework\\src\\Illuminate\\Foundation\\Application.php(561): Illuminate\\Foundation\\ProviderRepository->load(Array)
#8 C:\\wamp64\\www\\lec-batch-sif\\vendor\\laravel\\framework\\src\\Illuminate\\Foundation\\Bootstrap\\RegisterProviders.php(17): Illuminate\\Foundation\\Application->registerConfiguredProviders()
#9 C:\\wamp64\\www\\lec-batch-sif\\vendor\\laravel\\framework\\src\\Illuminate\\Foundation\\Application.php(213): Illuminate\\Foundation\\Bootstrap\\RegisterProviders->bootstrap(Object(Illuminate\\Foundation\\Application))
#10 C:\\wamp64\\www\\lec-batch-sif\\vendor\\laravel\\framework\\src\\Illuminate\\Foundation\\Http\\Kernel.php(162): Illuminate\\Foundation\\Application->bootstrapWith(Array)
#11 C:\\wamp64\\www\\lec-batch-sif\\vendor\\laravel\\framework\\src\\Illuminate\\Foundation\\Http\\Kernel.php(146): Illuminate\\Foundation\\Http\\Kernel->bootstrap()
#12 C:\\wamp64\\www\\lec-batch-sif\\vendor\\laravel\\framework\\src\\Illuminate\\Foundation\\Http\\Kernel.php(116): Illuminate\\Foundation\\Http\\Kernel->sendRequestThroughRouter(Object(Illuminate\\Http\\Request))
#13 C:\\wamp64\\www\\lec-batch-sif\\public\\index.php(55): Illuminate\\Foundation\\Http\\Kernel->handle(Object(Illuminate\\Http\\Request))
#14 {main}
"} 
[2019-08-05 12:30:25] local.ERROR: Class SifIntegration\LecBatchSif\Controllers\LecBatchSifController does not exist {"exception":"[object] (ReflectionException(code: -1): Class SifIntegration\\LecBatchSif\\Controllers\\LecBatchSifController does not exist at C:\\wamp64\\www\\lec-batch-sif\\vendor\\laravel\\framework\\src\\Illuminate\\Container\\Container.php:752)
[stacktrace]
#0 C:\\wamp64\\www\\lec-batch-sif\\vendor\\laravel\\framework\\src\\Illuminate\\Container\\Container.php(752): ReflectionClass->__construct('SifIntegration\\\\...')
#1 C:\\wamp64\\www\\lec-batch-sif\\vendor\\laravel\\framework\\src\\Illuminate\\Container\\Container.php(631): Illuminate\\Container\\Container->build('SifIntegration\\\\...')
#2 C:\\wamp64\\www\\lec-batch-sif\\vendor\\laravel\\framework\\src\\Illuminate\\Container\\Container.php(586): Illuminate\\Container\\Container->resolve('SifIntegration\\\\...', Array)
#3 C:\\wamp64\\www\\lec-batch-sif\\vendor\\laravel\\framework\\src\\Illuminate\\Foundation\\Application.php(732): Illuminate\\Container\\Container->make('SifIntegration\\\\...', Array)
#4 C:\\wamp64\\www\\lec-batch-sif\\packages\\sifIntegration\\lecBatchSif\\src\\LecBatchSifServiceProvider.php(26): Illuminate\\Foundation\\Application->make('SifIntegration\\\\...')
#5 C:\\wamp64\\www\\lec-batch-sif\\vendor\\laravel\\framework\\src\\Illuminate\\Foundation\\Application.php(586): SifIntegration\\LecBatchSif\\LecBatchSifServiceProvider->register()
#6 C:\\wamp64\\www\\lec-batch-sif\\vendor\\laravel\\framework\\src\\Illuminate\\Foundation\\ProviderRepository.php(75): Illuminate\\Foundation\\Application->register(Object(SifIntegration\\LecBatchSif\\LecBatchSifServiceProvider))
#7 C:\\wamp64\\www\\lec-batch-sif\\vendor\\laravel\\framework\\src\\Illuminate\\Foundation\\Application.php(561): Illuminate\\Foundation\\ProviderRepository->load(Array)
#8 C:\\wamp64\\www\\lec-batch-sif\\vendor\\laravel\\framework\\src\\Illuminate\\Foundation\\Bootstrap\\RegisterProviders.php(17): Illuminate\\Foundation\\Application->registerConfiguredProviders()
#9 C:\\wamp64\\www\\lec-batch-sif\\vendor\\laravel\\framework\\src\\Illuminate\\Foundation\\Application.php(213): Illuminate\\Foundation\\Bootstrap\\RegisterProviders->bootstrap(Object(Illuminate\\Foundation\\Application))
#10 C:\\wamp64\\www\\lec-batch-sif\\vendor\\laravel\\framework\\src\\Illuminate\\Foundation\\Http\\Kernel.php(162): Illuminate\\Foundation\\Application->bootstrapWith(Array)
#11 C:\\wamp64\\www\\lec-batch-sif\\vendor\\laravel\\framework\\src\\Illuminate\\Foundation\\Http\\Kernel.php(146): Illuminate\\Foundation\\Http\\Kernel->bootstrap()
#12 C:\\wamp64\\www\\lec-batch-sif\\vendor\\laravel\\framework\\src\\Illuminate\\Foundation\\Http\\Kernel.php(116): Illuminate\\Foundation\\Http\\Kernel->sendRequestThroughRouter(Object(Illuminate\\Http\\Request))
#13 C:\\wamp64\\www\\lec-batch-sif\\public\\index.php(55): Illuminate\\Foundation\\Http\\Kernel->handle(Object(Illuminate\\Http\\Request))
#14 {main}
"} 
[2019-08-05 12:30:25] local.ERROR: Class SifIntegration\LecBatchSif\Controllers\LecBatchSifController does not exist {"exception":"[object] (ReflectionException(code: -1): Class SifIntegration\\LecBatchSif\\Controllers\\LecBatchSifController does not exist at C:\\wamp64\\www\\lec-batch-sif\\vendor\\laravel\\framework\\src\\Illuminate\\Container\\Container.php:752)
[stacktrace]
#0 C:\\wamp64\\www\\lec-batch-sif\\vendor\\laravel\\framework\\src\\Illuminate\\Container\\Container.php(752): ReflectionClass->__construct('SifIntegration\\\\...')
#1 C:\\wamp64\\www\\lec-batch-sif\\vendor\\laravel\\framework\\src\\Illuminate\\Container\\Container.php(631): Illuminate\\Container\\Container->build('SifIntegration\\\\...')
#2 C:\\wamp64\\www\\lec-batch-sif\\vendor\\laravel\\framework\\src\\Illuminate\\Container\\Container.php(586): Illuminate\\Container\\Container->resolve('SifIntegration\\\\...', Array)
#3 C:\\wamp64\\www\\lec-batch-sif\\vendor\\laravel\\framework\\src\\Illuminate\\Foundation\\Application.php(732): Illuminate\\Container\\Container->make('SifIntegration\\\\...', Array)
#4 C:\\wamp64\\www\\lec-batch-sif\\packages\\sifIntegration\\lecBatchSif\\src\\LecBatchSifServiceProvider.php(26): Illuminate\\Foundation\\Application->make('SifIntegration\\\\...')
#5 C:\\wamp64\\www\\lec-batch-sif\\vendor\\laravel\\framework\\src\\Illuminate\\Foundation\\Application.php(586): SifIntegration\\LecBatchSif\\LecBatchSifServiceProvider->register()
#6 C:\\wamp64\\www\\lec-batch-sif\\vendor\\laravel\\framework\\src\\Illuminate\\Foundation\\ProviderRepository.php(75): Illuminate\\Foundation\\Application->register(Object(SifIntegration\\LecBatchSif\\LecBatchSifServiceProvider))
#7 C:\\wamp64\\www\\lec-batch-sif\\vendor\\laravel\\framework\\src\\Illuminate\\Foundation\\Application.php(561): Illuminate\\Foundation\\ProviderRepository->load(Array)
#8 C:\\wamp64\\www\\lec-batch-sif\\vendor\\laravel\\framework\\src\\Illuminate\\Foundation\\Bootstrap\\RegisterProviders.php(17): Illuminate\\Foundation\\Application->registerConfiguredProviders()
#9 C:\\wamp64\\www\\lec-batch-sif\\vendor\\laravel\\framework\\src\\Illuminate\\Foundation\\Application.php(213): Illuminate\\Foundation\\Bootstrap\\RegisterProviders->bootstrap(Object(Illuminate\\Foundation\\Application))
#10 C:\\wamp64\\www\\lec-batch-sif\\vendor\\laravel\\framework\\src\\Illuminate\\Foundation\\Http\\Kernel.php(162): Illuminate\\Foundation\\Application->bootstrapWith(Array)
#11 C:\\wamp64\\www\\lec-batch-sif\\vendor\\laravel\\framework\\src\\Illuminate\\Foundation\\Http\\Kernel.php(146): Illuminate\\Foundation\\Http\\Kernel->bootstrap()
#12 C:\\wamp64\\www\\lec-batch-sif\\vendor\\laravel\\framework\\src\\Illuminate\\Foundation\\Http\\Kernel.php(116): Illuminate\\Foundation\\Http\\Kernel->sendRequestThroughRouter(Object(Illuminate\\Http\\Request))
#13 C:\\wamp64\\www\\lec-batch-sif\\public\\index.php(55): Illuminate\\Foundation\\Http\\Kernel->handle(Object(Illuminate\\Http\\Request))
#14 {main}
"} 
[2019-08-05 12:30:25] local.ERROR: Class SifIntegration\LecBatchSif\Controllers\LecBatchSifController does not exist {"exception":"[object] (ReflectionException(code: -1): Class SifIntegration\\LecBatchSif\\Controllers\\LecBatchSifController does not exist at C:\\wamp64\\www\\lec-batch-sif\\vendor\\laravel\\framework\\src\\Illuminate\\Container\\Container.php:752)
[stacktrace]
#0 C:\\wamp64\\www\\lec-batch-sif\\vendor\\laravel\\framework\\src\\Illuminate\\Container\\Container.php(752): ReflectionClass->__construct('SifIntegration\\\\...')
#1 C:\\wamp64\\www\\lec-batch-sif\\vendor\\laravel\\framework\\src\\Illuminate\\Container\\Container.php(631): Illuminate\\Container\\Container->build('SifIntegration\\\\...')
#2 C:\\wamp64\\www\\lec-batch-sif\\vendor\\laravel\\framework\\src\\Illuminate\\Container\\Container.php(586): Illuminate\\Container\\Container->resolve('SifIntegration\\\\...', Array)
#3 C:\\wamp64\\www\\lec-batch-sif\\vendor\\laravel\\framework\\src\\Illuminate\\Foundation\\Application.php(732): Illuminate\\Container\\Container->make('SifIntegration\\\\...', Array)
#4 C:\\wamp64\\www\\lec-batch-sif\\packages\\sifIntegration\\lecBatchSif\\src\\LecBatchSifServiceProvider.php(26): Illuminate\\Foundation\\Application->make('SifIntegration\\\\...')
#5 C:\\wamp64\\www\\lec-batch-sif\\vendor\\laravel\\framework\\src\\Illuminate\\Foundation\\Application.php(586): SifIntegration\\LecBatchSif\\LecBatchSifServiceProvider->register()
#6 C:\\wamp64\\www\\lec-batch-sif\\vendor\\laravel\\framework\\src\\Illuminate\\Foundation\\ProviderRepository.php(75): Illuminate\\Foundation\\Application->register(Object(SifIntegration\\LecBatchSif\\LecBatchSifServiceProvider))
#7 C:\\wamp64\\www\\lec-batch-sif\\vendor\\laravel\\framework\\src\\Illuminate\\Foundation\\Application.php(561): Illuminate\\Foundation\\ProviderRepository->load(Array)
#8 C:\\wamp64\\www\\lec-batch-sif\\vendor\\laravel\\framework\\src\\Illuminate\\Foundation\\Bootstrap\\RegisterProviders.php(17): Illuminate\\Foundation\\Application->registerConfiguredProviders()
#9 C:\\wamp64\\www\\lec-batch-sif\\vendor\\laravel\\framework\\src\\Illuminate\\Foundation\\Application.php(213): Illuminate\\Foundation\\Bootstrap\\RegisterProviders->bootstrap(Object(Illuminate\\Foundation\\Application))
#10 C:\\wamp64\\www\\lec-batch-sif\\vendor\\laravel\\framework\\src\\Illuminate\\Foundation\\Http\\Kernel.php(162): Illuminate\\Foundation\\Application->bootstrapWith(Array)
#11 C:\\wamp64\\www\\lec-batch-sif\\vendor\\laravel\\framework\\src\\Illuminate\\Foundation\\Http\\Kernel.php(146): Illuminate\\Foundation\\Http\\Kernel->bootstrap()
#12 C:\\wamp64\\www\\lec-batch-sif\\vendor\\laravel\\framework\\src\\Illuminate\\Foundation\\Http\\Kernel.php(116): Illuminate\\Foundation\\Http\\Kernel->sendRequestThroughRouter(Object(Illuminate\\Http\\Request))
#13 C:\\wamp64\\www\\lec-batch-sif\\public\\index.php(55): Illuminate\\Foundation\\Http\\Kernel->handle(Object(Illuminate\\Http\\Request))
#14 {main}
"} 
[2019-08-05 12:30:29] local.ERROR: Class SifIntegration\LecBatchSif\Controllers\LecBatchSifController does not exist {"exception":"[object] (ReflectionException(code: -1): Class SifIntegration\\LecBatchSif\\Controllers\\LecBatchSifController does not exist at C:\\wamp64\\www\\lec-batch-sif\\vendor\\laravel\\framework\\src\\Illuminate\\Container\\Container.php:752)
[stacktrace]
#0 C:\\wamp64\\www\\lec-batch-sif\\vendor\\laravel\\framework\\src\\Illuminate\\Container\\Container.php(752): ReflectionClass->__construct('SifIntegration\\\\...')
#1 C:\\wamp64\\www\\lec-batch-sif\\vendor\\laravel\\framework\\src\\Illuminate\\Container\\Container.php(631): Illuminate\\Container\\Container->build('SifIntegration\\\\...')
#2 C:\\wamp64\\www\\lec-batch-sif\\vendor\\laravel\\framework\\src\\Illuminate\\Container\\Container.php(586): Illuminate\\Container\\Container->resolve('SifIntegration\\\\...', Array)
#3 C:\\wamp64\\www\\lec-batch-sif\\vendor\\laravel\\framework\\src\\Illuminate\\Foundation\\Application.php(732): Illuminate\\Container\\Container->make('SifIntegration\\\\...', Array)
#4 C:\\wamp64\\www\\lec-batch-sif\\packages\\sifIntegration\\lecBatchSif\\src\\LecBatchSifServiceProvider.php(26): Illuminate\\Foundation\\Application->make('SifIntegration\\\\...')
#5 C:\\wamp64\\www\\lec-batch-sif\\vendor\\laravel\\framework\\src\\Illuminate\\Foundation\\Application.php(586): SifIntegration\\LecBatchSif\\LecBatchSifServiceProvider->register()
#6 C:\\wamp64\\www\\lec-batch-sif\\vendor\\laravel\\framework\\src\\Illuminate\\Foundation\\ProviderRepository.php(75): Illuminate\\Foundation\\Application->register(Object(SifIntegration\\LecBatchSif\\LecBatchSifServiceProvider))
#7 C:\\wamp64\\www\\lec-batch-sif\\vendor\\laravel\\framework\\src\\Illuminate\\Foundation\\Application.php(561): Illuminate\\Foundation\\ProviderRepository->load(Array)
#8 C:\\wamp64\\www\\lec-batch-sif\\vendor\\laravel\\framework\\src\\Illuminate\\Foundation\\Bootstrap\\RegisterProviders.php(17): Illuminate\\Foundation\\Application->registerConfiguredProviders()
#9 C:\\wamp64\\www\\lec-batch-sif\\vendor\\laravel\\framework\\src\\Illuminate\\Foundation\\Application.php(213): Illuminate\\Foundation\\Bootstrap\\RegisterProviders->bootstrap(Object(Illuminate\\Foundation\\Application))
#10 C:\\wamp64\\www\\lec-batch-sif\\vendor\\laravel\\framework\\src\\Illuminate\\Foundation\\Http\\Kernel.php(162): Illuminate\\Foundation\\Application->bootstrapWith(Array)
#11 C:\\wamp64\\www\\lec-batch-sif\\vendor\\laravel\\framework\\src\\Illuminate\\Foundation\\Http\\Kernel.php(146): Illuminate\\Foundation\\Http\\Kernel->bootstrap()
#12 C:\\wamp64\\www\\lec-batch-sif\\vendor\\laravel\\framework\\src\\Illuminate\\Foundation\\Http\\Kernel.php(116): Illuminate\\Foundation\\Http\\Kernel->sendRequestThroughRouter(Object(Illuminate\\Http\\Request))
#13 C:\\wamp64\\www\\lec-batch-sif\\public\\index.php(55): Illuminate\\Foundation\\Http\\Kernel->handle(Object(Illuminate\\Http\\Request))
#14 {main}
"} 
[2019-08-05 12:30:30] local.ERROR: Class SifIntegration\LecBatchSif\Controllers\LecBatchSifController does not exist {"exception":"[object] (ReflectionException(code: -1): Class SifIntegration\\LecBatchSif\\Controllers\\LecBatchSifController does not exist at C:\\wamp64\\www\\lec-batch-sif\\vendor\\laravel\\framework\\src\\Illuminate\\Container\\Container.php:752)
[stacktrace]
#0 C:\\wamp64\\www\\lec-batch-sif\\vendor\\laravel\\framework\\src\\Illuminate\\Container\\Container.php(752): ReflectionClass->__construct('SifIntegration\\\\...')
#1 C:\\wamp64\\www\\lec-batch-sif\\vendor\\laravel\\framework\\src\\Illuminate\\Container\\Container.php(631): Illuminate\\Container\\Container->build('SifIntegration\\\\...')
#2 C:\\wamp64\\www\\lec-batch-sif\\vendor\\laravel\\framework\\src\\Illuminate\\Container\\Container.php(586): Illuminate\\Container\\Container->resolve('SifIntegration\\\\...', Array)
#3 C:\\wamp64\\www\\lec-batch-sif\\vendor\\laravel\\framework\\src\\Illuminate\\Foundation\\Application.php(732): Illuminate\\Container\\Container->make('SifIntegration\\\\...', Array)
#4 C:\\wamp64\\www\\lec-batch-sif\\packages\\sifIntegration\\lecBatchSif\\src\\LecBatchSifServiceProvider.php(26): Illuminate\\Foundation\\Application->make('SifIntegration\\\\...')
#5 C:\\wamp64\\www\\lec-batch-sif\\vendor\\laravel\\framework\\src\\Illuminate\\Foundation\\Application.php(586): SifIntegration\\LecBatchSif\\LecBatchSifServiceProvider->register()
#6 C:\\wamp64\\www\\lec-batch-sif\\vendor\\laravel\\framework\\src\\Illuminate\\Foundation\\ProviderRepository.php(75): Illuminate\\Foundation\\Application->register(Object(SifIntegration\\LecBatchSif\\LecBatchSifServiceProvider))
#7 C:\\wamp64\\www\\lec-batch-sif\\vendor\\laravel\\framework\\src\\Illuminate\\Foundation\\Application.php(561): Illuminate\\Foundation\\ProviderRepository->load(Array)
#8 C:\\wamp64\\www\\lec-batch-sif\\vendor\\laravel\\framework\\src\\Illuminate\\Foundation\\Bootstrap\\RegisterProviders.php(17): Illuminate\\Foundation\\Application->registerConfiguredProviders()
#9 C:\\wamp64\\www\\lec-batch-sif\\vendor\\laravel\\framework\\src\\Illuminate\\Foundation\\Application.php(213): Illuminate\\Foundation\\Bootstrap\\RegisterProviders->bootstrap(Object(Illuminate\\Foundation\\Application))
#10 C:\\wamp64\\www\\lec-batch-sif\\vendor\\laravel\\framework\\src\\Illuminate\\Foundation\\Http\\Kernel.php(162): Illuminate\\Foundation\\Application->bootstrapWith(Array)
#11 C:\\wamp64\\www\\lec-batch-sif\\vendor\\laravel\\framework\\src\\Illuminate\\Foundation\\Http\\Kernel.php(146): Illuminate\\Foundation\\Http\\Kernel->bootstrap()
#12 C:\\wamp64\\www\\lec-batch-sif\\vendor\\laravel\\framework\\src\\Illuminate\\Foundation\\Http\\Kernel.php(116): Illuminate\\Foundation\\Http\\Kernel->sendRequestThroughRouter(Object(Illuminate\\Http\\Request))
#13 C:\\wamp64\\www\\lec-batch-sif\\public\\index.php(55): Illuminate\\Foundation\\Http\\Kernel->handle(Object(Illuminate\\Http\\Request))
#14 {main}
"} 
[2019-08-05 12:32:13] local.ERROR: Class SifIntegration\LecBatchSif\Controllers\LecBatchSifController does not exist {"exception":"[object] (ReflectionException(code: -1): Class SifIntegration\\LecBatchSif\\Controllers\\LecBatchSifController does not exist at C:\\wamp64\\www\\lec-batch-sif\\vendor\\laravel\\framework\\src\\Illuminate\\Container\\Container.php:752)
[stacktrace]
#0 C:\\wamp64\\www\\lec-batch-sif\\vendor\\laravel\\framework\\src\\Illuminate\\Container\\Container.php(752): ReflectionClass->__construct('SifIntegration\\\\...')
#1 C:\\wamp64\\www\\lec-batch-sif\\vendor\\laravel\\framework\\src\\Illuminate\\Container\\Container.php(631): Illuminate\\Container\\Container->build('SifIntegration\\\\...')
#2 C:\\wamp64\\www\\lec-batch-sif\\vendor\\laravel\\framework\\src\\Illuminate\\Container\\Container.php(586): Illuminate\\Container\\Container->resolve('SifIntegration\\\\...', Array)
#3 C:\\wamp64\\www\\lec-batch-sif\\vendor\\laravel\\framework\\src\\Illuminate\\Foundation\\Application.php(732): Illuminate\\Container\\Container->make('SifIntegration\\\\...', Array)
#4 C:\\wamp64\\www\\lec-batch-sif\\packages\\sifIntegration\\lecBatchSif\\src\\LecBatchSifServiceProvider.php(26): Illuminate\\Foundation\\Application->make('SifIntegration\\\\...')
#5 C:\\wamp64\\www\\lec-batch-sif\\vendor\\laravel\\framework\\src\\Illuminate\\Foundation\\Application.php(586): SifIntegration\\LecBatchSif\\LecBatchSifServiceProvider->register()
#6 C:\\wamp64\\www\\lec-batch-sif\\vendor\\laravel\\framework\\src\\Illuminate\\Foundation\\ProviderRepository.php(75): Illuminate\\Foundation\\Application->register(Object(SifIntegration\\LecBatchSif\\LecBatchSifServiceProvider))
#7 C:\\wamp64\\www\\lec-batch-sif\\vendor\\laravel\\framework\\src\\Illuminate\\Foundation\\Application.php(561): Illuminate\\Foundation\\ProviderRepository->load(Array)
#8 C:\\wamp64\\www\\lec-batch-sif\\vendor\\laravel\\framework\\src\\Illuminate\\Foundation\\Bootstrap\\RegisterProviders.php(17): Illuminate\\Foundation\\Application->registerConfiguredProviders()
#9 C:\\wamp64\\www\\lec-batch-sif\\vendor\\laravel\\framework\\src\\Illuminate\\Foundation\\Application.php(213): Illuminate\\Foundation\\Bootstrap\\RegisterProviders->bootstrap(Object(Illuminate\\Foundation\\Application))
#10 C:\\wamp64\\www\\lec-batch-sif\\vendor\\laravel\\framework\\src\\Illuminate\\Foundation\\Http\\Kernel.php(162): Illuminate\\Foundation\\Application->bootstrapWith(Array)
#11 C:\\wamp64\\www\\lec-batch-sif\\vendor\\laravel\\framework\\src\\Illuminate\\Foundation\\Http\\Kernel.php(146): Illuminate\\Foundation\\Http\\Kernel->bootstrap()
#12 C:\\wamp64\\www\\lec-batch-sif\\vendor\\laravel\\framework\\src\\Illuminate\\Foundation\\Http\\Kernel.php(116): Illuminate\\Foundation\\Http\\Kernel->sendRequestThroughRouter(Object(Illuminate\\Http\\Request))
#13 C:\\wamp64\\www\\lec-batch-sif\\public\\index.php(55): Illuminate\\Foundation\\Http\\Kernel->handle(Object(Illuminate\\Http\\Request))
#14 {main}
"} 
[2019-08-05 12:33:01] local.ERROR: Class SifIntegration/LecBatchSif/Controllers/LecBatchSifController does not exist {"exception":"[object] (ReflectionException(code: -1): Class SifIntegration/LecBatchSif/Controllers/LecBatchSifController does not exist at C:\\wamp64\\www\\lec-batch-sif\\vendor\\laravel\\framework\\src\\Illuminate\\Container\\Container.php:752)
[stacktrace]
#0 C:\\wamp64\\www\\lec-batch-sif\\vendor\\laravel\\framework\\src\\Illuminate\\Container\\Container.php(752): ReflectionClass->__construct('SifIntegration/...')
#1 C:\\wamp64\\www\\lec-batch-sif\\vendor\\laravel\\framework\\src\\Illuminate\\Container\\Container.php(631): Illuminate\\Container\\Container->build('SifIntegration/...')
#2 C:\\wamp64\\www\\lec-batch-sif\\vendor\\laravel\\framework\\src\\Illuminate\\Container\\Container.php(586): Illuminate\\Container\\Container->resolve('SifIntegration/...', Array)
#3 C:\\wamp64\\www\\lec-batch-sif\\vendor\\laravel\\framework\\src\\Illuminate\\Foundation\\Application.php(732): Illuminate\\Container\\Container->make('SifIntegration/...', Array)
#4 C:\\wamp64\\www\\lec-batch-sif\\packages\\sifIntegration\\lecBatchSif\\src\\LecBatchSifServiceProvider.php(26): Illuminate\\Foundation\\Application->make('SifIntegration/...')
#5 C:\\wamp64\\www\\lec-batch-sif\\vendor\\laravel\\framework\\src\\Illuminate\\Foundation\\Application.php(586): SifIntegration\\LecBatchSif\\LecBatchSifServiceProvider->register()
#6 C:\\wamp64\\www\\lec-batch-sif\\vendor\\laravel\\framework\\src\\Illuminate\\Foundation\\ProviderRepository.php(75): Illuminate\\Foundation\\Application->register(Object(SifIntegration\\LecBatchSif\\LecBatchSifServiceProvider))
#7 C:\\wamp64\\www\\lec-batch-sif\\vendor\\laravel\\framework\\src\\Illuminate\\Foundation\\Application.php(561): Illuminate\\Foundation\\ProviderRepository->load(Array)
#8 C:\\wamp64\\www\\lec-batch-sif\\vendor\\laravel\\framework\\src\\Illuminate\\Foundation\\Bootstrap\\RegisterProviders.php(17): Illuminate\\Foundation\\Application->registerConfiguredProviders()
#9 C:\\wamp64\\www\\lec-batch-sif\\vendor\\laravel\\framework\\src\\Illuminate\\Foundation\\Application.php(213): Illuminate\\Foundation\\Bootstrap\\RegisterProviders->bootstrap(Object(Illuminate\\Foundation\\Application))
#10 C:\\wamp64\\www\\lec-batch-sif\\vendor\\laravel\\framework\\src\\Illuminate\\Foundation\\Http\\Kernel.php(162): Illuminate\\Foundation\\Application->bootstrapWith(Array)
#11 C:\\wamp64\\www\\lec-batch-sif\\vendor\\laravel\\framework\\src\\Illuminate\\Foundation\\Http\\Kernel.php(146): Illuminate\\Foundation\\Http\\Kernel->bootstrap()
#12 C:\\wamp64\\www\\lec-batch-sif\\vendor\\laravel\\framework\\src\\Illuminate\\Foundation\\Http\\Kernel.php(116): Illuminate\\Foundation\\Http\\Kernel->sendRequestThroughRouter(Object(Illuminate\\Http\\Request))
#13 C:\\wamp64\\www\\lec-batch-sif\\public\\index.php(55): Illuminate\\Foundation\\Http\\Kernel->handle(Object(Illuminate\\Http\\Request))
#14 {main}
"} 
[2019-08-05 12:33:37] local.ERROR: Class SifIntegration\LecBatchSif\Controllers\LecBatchSifController does not exist {"exception":"[object] (ReflectionException(code: -1): Class SifIntegration\\LecBatchSif\\Controllers\\LecBatchSifController does not exist at C:\\wamp64\\www\\lec-batch-sif\\vendor\\laravel\\framework\\src\\Illuminate\\Container\\Container.php:752)
[stacktrace]
#0 C:\\wamp64\\www\\lec-batch-sif\\vendor\\laravel\\framework\\src\\Illuminate\\Container\\Container.php(752): ReflectionClass->__construct('SifIntegration\\\\...')
#1 C:\\wamp64\\www\\lec-batch-sif\\vendor\\laravel\\framework\\src\\Illuminate\\Container\\Container.php(631): Illuminate\\Container\\Container->build('SifIntegration\\\\...')
#2 C:\\wamp64\\www\\lec-batch-sif\\vendor\\laravel\\framework\\src\\Illuminate\\Container\\Container.php(586): Illuminate\\Container\\Container->resolve('SifIntegration\\\\...', Array)
#3 C:\\wamp64\\www\\lec-batch-sif\\vendor\\laravel\\framework\\src\\Illuminate\\Foundation\\Application.php(732): Illuminate\\Container\\Container->make('SifIntegration\\\\...', Array)
#4 C:\\wamp64\\www\\lec-batch-sif\\packages\\sifIntegration\\lecBatchSif\\src\\LecBatchSifServiceProvider.php(26): Illuminate\\Foundation\\Application->make('SifIntegration\\\\...')
#5 C:\\wamp64\\www\\lec-batch-sif\\vendor\\laravel\\framework\\src\\Illuminate\\Foundation\\Application.php(586): SifIntegration\\LecBatchSif\\LecBatchSifServiceProvider->register()
#6 C:\\wamp64\\www\\lec-batch-sif\\vendor\\laravel\\framework\\src\\Illuminate\\Foundation\\ProviderRepository.php(75): Illuminate\\Foundation\\Application->register(Object(SifIntegration\\LecBatchSif\\LecBatchSifServiceProvider))
#7 C:\\wamp64\\www\\lec-batch-sif\\vendor\\laravel\\framework\\src\\Illuminate\\Foundation\\Application.php(561): Illuminate\\Foundation\\ProviderRepository->load(Array)
#8 C:\\wamp64\\www\\lec-batch-sif\\vendor\\laravel\\framework\\src\\Illuminate\\Foundation\\Bootstrap\\RegisterProviders.php(17): Illuminate\\Foundation\\Application->registerConfiguredProviders()
#9 C:\\wamp64\\www\\lec-batch-sif\\vendor\\laravel\\framework\\src\\Illuminate\\Foundation\\Application.php(213): Illuminate\\Foundation\\Bootstrap\\RegisterProviders->bootstrap(Object(Illuminate\\Foundation\\Application))
#10 C:\\wamp64\\www\\lec-batch-sif\\vendor\\laravel\\framework\\src\\Illuminate\\Foundation\\Http\\Kernel.php(162): Illuminate\\Foundation\\Application->bootstrapWith(Array)
#11 C:\\wamp64\\www\\lec-batch-sif\\vendor\\laravel\\framework\\src\\Illuminate\\Foundation\\Http\\Kernel.php(146): Illuminate\\Foundation\\Http\\Kernel->bootstrap()
#12 C:\\wamp64\\www\\lec-batch-sif\\vendor\\laravel\\framework\\src\\Illuminate\\Foundation\\Http\\Kernel.php(116): Illuminate\\Foundation\\Http\\Kernel->sendRequestThroughRouter(Object(Illuminate\\Http\\Request))
#13 C:\\wamp64\\www\\lec-batch-sif\\public\\index.php(55): Illuminate\\Foundation\\Http\\Kernel->handle(Object(Illuminate\\Http\\Request))
#14 {main}
"} 
[2019-08-05 12:37:41] local.ERROR: Class Teknomuslim\CurrencyFormatter\Controllers\CurrencyFormatterController does not exist {"exception":"[object] (ReflectionException(code: -1): Class Teknomuslim\\CurrencyFormatter\\Controllers\\CurrencyFormatterController does not exist at C:\\wamp64\\www\\lec-batch-sif\\vendor\\laravel\\framework\\src\\Illuminate\\Container\\Container.php:752)
[stacktrace]
#0 C:\\wamp64\\www\\lec-batch-sif\\vendor\\laravel\\framework\\src\\Illuminate\\Container\\Container.php(752): ReflectionClass->__construct('Teknomuslim\\\\Cur...')
#1 C:\\wamp64\\www\\lec-batch-sif\\vendor\\laravel\\framework\\src\\Illuminate\\Container\\Container.php(631): Illuminate\\Container\\Container->build('Teknomuslim\\\\Cur...')
#2 C:\\wamp64\\www\\lec-batch-sif\\vendor\\laravel\\framework\\src\\Illuminate\\Container\\Container.php(586): Illuminate\\Container\\Container->resolve('Teknomuslim\\\\Cur...', Array)
#3 C:\\wamp64\\www\\lec-batch-sif\\vendor\\laravel\\framework\\src\\Illuminate\\Foundation\\Application.php(732): Illuminate\\Container\\Container->make('Teknomuslim\\\\Cur...', Array)
#4 C:\\wamp64\\www\\lec-batch-sif\\vendor\\laravel\\framework\\src\\Illuminate\\Routing\\Route.php(226): Illuminate\\Foundation\\Application->make('Teknomuslim\\\\Cur...')
#5 C:\\wamp64\\www\\lec-batch-sif\\vendor\\laravel\\framework\\src\\Illuminate\\Routing\\Route.php(796): Illuminate\\Routing\\Route->getController()
#6 C:\\wamp64\\www\\lec-batch-sif\\vendor\\laravel\\framework\\src\\Illuminate\\Routing\\Route.php(757): Illuminate\\Routing\\Route->controllerMiddleware()
#7 C:\\wamp64\\www\\lec-batch-sif\\vendor\\laravel\\framework\\src\\Illuminate\\Routing\\Router.php(671): Illuminate\\Routing\\Route->gatherMiddleware()
#8 C:\\wamp64\\www\\lec-batch-sif\\vendor\\laravel\\framework\\src\\Illuminate\\Routing\\Router.php(651): Illuminate\\Routing\\Router->gatherRouteMiddleware(Object(Illuminate\\Routing\\Route))
#9 C:\\wamp64\\www\\lec-batch-sif\\vendor\\laravel\\framework\\src\\Illuminate\\Routing\\Router.php(635): Illuminate\\Routing\\Router->runRouteWithinStack(Object(Illuminate\\Routing\\Route), Object(Illuminate\\Http\\Request))
#10 C:\\wamp64\\www\\lec-batch-sif\\vendor\\laravel\\framework\\src\\Illuminate\\Routing\\Router.php(601): Illuminate\\Routing\\Router->runRoute(Object(Illuminate\\Http\\Request), Object(Illuminate\\Routing\\Route))
#11 C:\\wamp64\\www\\lec-batch-sif\\vendor\\laravel\\framework\\src\\Illuminate\\Routing\\Router.php(590): Illuminate\\Routing\\Router->dispatchToRoute(Object(Illuminate\\Http\\Request))
#12 C:\\wamp64\\www\\lec-batch-sif\\vendor\\laravel\\framework\\src\\Illuminate\\Foundation\\Http\\Kernel.php(176): Illuminate\\Routing\\Router->dispatch(Object(Illuminate\\Http\\Request))
#13 C:\\wamp64\\www\\lec-batch-sif\\vendor\\laravel\\framework\\src\\Illuminate\\Routing\\Pipeline.php(30): Illuminate\\Foundation\\Http\\Kernel->Illuminate\\Foundation\\Http\\{closure}(Object(Illuminate\\Http\\Request))
#14 C:\\wamp64\\www\\lec-batch-sif\\vendor\\fideloper\\proxy\\src\\TrustProxies.php(56): Illuminate\\Routing\\Pipeline->Illuminate\\Routing\\{closure}(Object(Illuminate\\Http\\Request))
#15 C:\\wamp64\\www\\lec-batch-sif\\vendor\\laravel\\framework\\src\\Illuminate\\Pipeline\\Pipeline.php(149): Fideloper\\Proxy\\TrustProxies->handle(Object(Illuminate\\Http\\Request), Object(Closure))
#16 C:\\wamp64\\www\\lec-batch-sif\\vendor\\laravel\\framework\\src\\Illuminate\\Routing\\Pipeline.php(53): Illuminate\\Pipeline\\Pipeline->Illuminate\\Pipeline\\{closure}(Object(Illuminate\\Http\\Request))
#17 C:\\wamp64\\www\\lec-batch-sif\\vendor\\laravel\\framework\\src\\Illuminate\\Foundation\\Http\\Middleware\\TransformsRequest.php(30): Illuminate\\Routing\\Pipeline->Illuminate\\Routing\\{closure}(Object(Illuminate\\Http\\Request))
#18 C:\\wamp64\\www\\lec-batch-sif\\vendor\\laravel\\framework\\src\\Illuminate\\Pipeline\\Pipeline.php(149): Illuminate\\Foundation\\Http\\Middleware\\TransformsRequest->handle(Object(Illuminate\\Http\\Request), Object(Closure))
#19 C:\\wamp64\\www\\lec-batch-sif\\vendor\\laravel\\framework\\src\\Illuminate\\Routing\\Pipeline.php(53): Illuminate\\Pipeline\\Pipeline->Illuminate\\Pipeline\\{closure}(Object(Illuminate\\Http\\Request))
#20 C:\\wamp64\\www\\lec-batch-sif\\vendor\\laravel\\framework\\src\\Illuminate\\Foundation\\Http\\Middleware\\TransformsRequest.php(30): Illuminate\\Routing\\Pipeline->Illuminate\\Routing\\{closure}(Object(Illuminate\\Http\\Request))
#21 C:\\wamp64\\www\\lec-batch-sif\\vendor\\laravel\\framework\\src\\Illuminate\\Pipeline\\Pipeline.php(149): Illuminate\\Foundation\\Http\\Middleware\\TransformsRequest->handle(Object(Illuminate\\Http\\Request), Object(Closure))
#22 C:\\wamp64\\www\\lec-batch-sif\\vendor\\laravel\\framework\\src\\Illuminate\\Routing\\Pipeline.php(53): Illuminate\\Pipeline\\Pipeline->Illuminate\\Pipeline\\{closure}(Object(Illuminate\\Http\\Request))
#23 C:\\wamp64\\www\\lec-batch-sif\\vendor\\laravel\\framework\\src\\Illuminate\\Foundation\\Http\\Middleware\\ValidatePostSize.php(27): Illuminate\\Routing\\Pipeline->Illuminate\\Routing\\{closure}(Object(Illuminate\\Http\\Request))
#24 C:\\wamp64\\www\\lec-batch-sif\\vendor\\laravel\\framework\\src\\Illuminate\\Pipeline\\Pipeline.php(149): Illuminate\\Foundation\\Http\\Middleware\\ValidatePostSize->handle(Object(Illuminate\\Http\\Request), Object(Closure))
#25 C:\\wamp64\\www\\lec-batch-sif\\vendor\\laravel\\framework\\src\\Illuminate\\Routing\\Pipeline.php(53): Illuminate\\Pipeline\\Pipeline->Illuminate\\Pipeline\\{closure}(Object(Illuminate\\Http\\Request))
#26 C:\\wamp64\\www\\lec-batch-sif\\vendor\\laravel\\framework\\src\\Illuminate\\Foundation\\Http\\Middleware\\CheckForMaintenanceMode.php(46): Illuminate\\Routing\\Pipeline->Illuminate\\Routing\\{closure}(Object(Illuminate\\Http\\Request))
#27 C:\\wamp64\\www\\lec-batch-sif\\vendor\\laravel\\framework\\src\\Illuminate\\Pipeline\\Pipeline.php(149): Illuminate\\Foundation\\Http\\Middleware\\CheckForMaintenanceMode->handle(Object(Illuminate\\Http\\Request), Object(Closure))
#28 C:\\wamp64\\www\\lec-batch-sif\\vendor\\laravel\\framework\\src\\Illuminate\\Routing\\Pipeline.php(53): Illuminate\\Pipeline\\Pipeline->Illuminate\\Pipeline\\{closure}(Object(Illuminate\\Http\\Request))
#29 C:\\wamp64\\www\\lec-batch-sif\\vendor\\laravel\\framework\\src\\Illuminate\\Pipeline\\Pipeline.php(102): Illuminate\\Routing\\Pipeline->Illuminate\\Routing\\{closure}(Object(Illuminate\\Http\\Request))
#30 C:\\wamp64\\www\\lec-batch-sif\\vendor\\laravel\\framework\\src\\Illuminate\\Foundation\\Http\\Kernel.php(151): Illuminate\\Pipeline\\Pipeline->then(Object(Closure))
#31 C:\\wamp64\\www\\lec-batch-sif\\vendor\\laravel\\framework\\src\\Illuminate\\Foundation\\Http\\Kernel.php(116): Illuminate\\Foundation\\Http\\Kernel->sendRequestThroughRouter(Object(Illuminate\\Http\\Request))
#32 C:\\wamp64\\www\\lec-batch-sif\\public\\index.php(55): Illuminate\\Foundation\\Http\\Kernel->handle(Object(Illuminate\\Http\\Request))
#33 {main}
"} 
